<?xml version="1.0" encoding="UTF-8"?>
<testsuite name="com.github.cc3002.citricjuice.model.PlayerTest" tests="908" skipped="0" failures="0" errors="0" timestamp="2020-07-26T03:04:00" hostname="DESKTOP-U14D24J" time="1.008">
  <properties/>
  <testcase name="constructorTest()" classname="com.github.cc3002.citricjuice.model.PlayerTest" time="0.0"/>
  <testcase name="hitPointsConsistencyTest()[1]" classname="com.github.cc3002.citricjuice.model.PlayerTest" time="0.0"/>
  <testcase name="hitPointsConsistencyTest()[2]" classname="com.github.cc3002.citricjuice.model.PlayerTest" time="0.0"/>
  <testcase name="hitPointsConsistencyTest()[3]" classname="com.github.cc3002.citricjuice.model.PlayerTest" time="0.0"/>
  <testcase name="hitPointsConsistencyTest()[4]" classname="com.github.cc3002.citricjuice.model.PlayerTest" time="0.0"/>
  <testcase name="hitPointsConsistencyTest()[5]" classname="com.github.cc3002.citricjuice.model.PlayerTest" time="0.0"/>
  <testcase name="hitPointsConsistencyTest()[6]" classname="com.github.cc3002.citricjuice.model.PlayerTest" time="0.0"/>
  <testcase name="hitPointsConsistencyTest()[7]" classname="com.github.cc3002.citricjuice.model.PlayerTest" time="0.0"/>
  <testcase name="hitPointsConsistencyTest()[8]" classname="com.github.cc3002.citricjuice.model.PlayerTest" time="0.0"/>
  <testcase name="hitPointsConsistencyTest()[9]" classname="com.github.cc3002.citricjuice.model.PlayerTest" time="0.0"/>
  <testcase name="hitPointsConsistencyTest()[10]" classname="com.github.cc3002.citricjuice.model.PlayerTest" time="0.0"/>
  <testcase name="hitPointsConsistencyTest()[11]" classname="com.github.cc3002.citricjuice.model.PlayerTest" time="0.0"/>
  <testcase name="hitPointsConsistencyTest()[12]" classname="com.github.cc3002.citricjuice.model.PlayerTest" time="0.001"/>
  <testcase name="hitPointsConsistencyTest()[13]" classname="com.github.cc3002.citricjuice.model.PlayerTest" time="0.0"/>
  <testcase name="hitPointsConsistencyTest()[14]" classname="com.github.cc3002.citricjuice.model.PlayerTest" time="0.0"/>
  <testcase name="hitPointsConsistencyTest()[15]" classname="com.github.cc3002.citricjuice.model.PlayerTest" time="0.0"/>
  <testcase name="hitPointsConsistencyTest()[16]" classname="com.github.cc3002.citricjuice.model.PlayerTest" time="0.0"/>
  <testcase name="hitPointsConsistencyTest()[17]" classname="com.github.cc3002.citricjuice.model.PlayerTest" time="0.0"/>
  <testcase name="hitPointsConsistencyTest()[18]" classname="com.github.cc3002.citricjuice.model.PlayerTest" time="0.0"/>
  <testcase name="hitPointsConsistencyTest()[19]" classname="com.github.cc3002.citricjuice.model.PlayerTest" time="0.0"/>
  <testcase name="hitPointsConsistencyTest()[20]" classname="com.github.cc3002.citricjuice.model.PlayerTest" time="0.0"/>
  <testcase name="hitPointsConsistencyTest()[21]" classname="com.github.cc3002.citricjuice.model.PlayerTest" time="0.0"/>
  <testcase name="hitPointsConsistencyTest()[22]" classname="com.github.cc3002.citricjuice.model.PlayerTest" time="0.0"/>
  <testcase name="hitPointsConsistencyTest()[23]" classname="com.github.cc3002.citricjuice.model.PlayerTest" time="0.0"/>
  <testcase name="hitPointsConsistencyTest()[24]" classname="com.github.cc3002.citricjuice.model.PlayerTest" time="0.0"/>
  <testcase name="hitPointsConsistencyTest()[25]" classname="com.github.cc3002.citricjuice.model.PlayerTest" time="0.0"/>
  <testcase name="hitPointsConsistencyTest()[26]" classname="com.github.cc3002.citricjuice.model.PlayerTest" time="0.001"/>
  <testcase name="hitPointsConsistencyTest()[27]" classname="com.github.cc3002.citricjuice.model.PlayerTest" time="0.0"/>
  <testcase name="hitPointsConsistencyTest()[28]" classname="com.github.cc3002.citricjuice.model.PlayerTest" time="0.0"/>
  <testcase name="hitPointsConsistencyTest()[29]" classname="com.github.cc3002.citricjuice.model.PlayerTest" time="0.0"/>
  <testcase name="hitPointsConsistencyTest()[30]" classname="com.github.cc3002.citricjuice.model.PlayerTest" time="0.0"/>
  <testcase name="hitPointsConsistencyTest()[31]" classname="com.github.cc3002.citricjuice.model.PlayerTest" time="0.0"/>
  <testcase name="hitPointsConsistencyTest()[32]" classname="com.github.cc3002.citricjuice.model.PlayerTest" time="0.0"/>
  <testcase name="hitPointsConsistencyTest()[33]" classname="com.github.cc3002.citricjuice.model.PlayerTest" time="0.001"/>
  <testcase name="hitPointsConsistencyTest()[34]" classname="com.github.cc3002.citricjuice.model.PlayerTest" time="0.0"/>
  <testcase name="hitPointsConsistencyTest()[35]" classname="com.github.cc3002.citricjuice.model.PlayerTest" time="0.0"/>
  <testcase name="hitPointsConsistencyTest()[36]" classname="com.github.cc3002.citricjuice.model.PlayerTest" time="0.0"/>
  <testcase name="hitPointsConsistencyTest()[37]" classname="com.github.cc3002.citricjuice.model.PlayerTest" time="0.001"/>
  <testcase name="hitPointsConsistencyTest()[38]" classname="com.github.cc3002.citricjuice.model.PlayerTest" time="0.0"/>
  <testcase name="hitPointsConsistencyTest()[39]" classname="com.github.cc3002.citricjuice.model.PlayerTest" time="0.0"/>
  <testcase name="hitPointsConsistencyTest()[40]" classname="com.github.cc3002.citricjuice.model.PlayerTest" time="0.0"/>
  <testcase name="hitPointsConsistencyTest()[41]" classname="com.github.cc3002.citricjuice.model.PlayerTest" time="0.0"/>
  <testcase name="hitPointsConsistencyTest()[42]" classname="com.github.cc3002.citricjuice.model.PlayerTest" time="0.0"/>
  <testcase name="hitPointsConsistencyTest()[43]" classname="com.github.cc3002.citricjuice.model.PlayerTest" time="0.0"/>
  <testcase name="hitPointsConsistencyTest()[44]" classname="com.github.cc3002.citricjuice.model.PlayerTest" time="0.0"/>
  <testcase name="hitPointsConsistencyTest()[45]" classname="com.github.cc3002.citricjuice.model.PlayerTest" time="0.001"/>
  <testcase name="hitPointsConsistencyTest()[46]" classname="com.github.cc3002.citricjuice.model.PlayerTest" time="0.001"/>
  <testcase name="hitPointsConsistencyTest()[47]" classname="com.github.cc3002.citricjuice.model.PlayerTest" time="0.0"/>
  <testcase name="hitPointsConsistencyTest()[48]" classname="com.github.cc3002.citricjuice.model.PlayerTest" time="0.0"/>
  <testcase name="hitPointsConsistencyTest()[49]" classname="com.github.cc3002.citricjuice.model.PlayerTest" time="0.0"/>
  <testcase name="hitPointsConsistencyTest()[50]" classname="com.github.cc3002.citricjuice.model.PlayerTest" time="0.0"/>
  <testcase name="hitPointsConsistencyTest()[51]" classname="com.github.cc3002.citricjuice.model.PlayerTest" time="0.001"/>
  <testcase name="hitPointsConsistencyTest()[52]" classname="com.github.cc3002.citricjuice.model.PlayerTest" time="0.001"/>
  <testcase name="hitPointsConsistencyTest()[53]" classname="com.github.cc3002.citricjuice.model.PlayerTest" time="0.001"/>
  <testcase name="hitPointsConsistencyTest()[54]" classname="com.github.cc3002.citricjuice.model.PlayerTest" time="0.0"/>
  <testcase name="hitPointsConsistencyTest()[55]" classname="com.github.cc3002.citricjuice.model.PlayerTest" time="0.0"/>
  <testcase name="hitPointsConsistencyTest()[56]" classname="com.github.cc3002.citricjuice.model.PlayerTest" time="0.0"/>
  <testcase name="hitPointsConsistencyTest()[57]" classname="com.github.cc3002.citricjuice.model.PlayerTest" time="0.0"/>
  <testcase name="hitPointsConsistencyTest()[58]" classname="com.github.cc3002.citricjuice.model.PlayerTest" time="0.0"/>
  <testcase name="hitPointsConsistencyTest()[59]" classname="com.github.cc3002.citricjuice.model.PlayerTest" time="0.0"/>
  <testcase name="hitPointsConsistencyTest()[60]" classname="com.github.cc3002.citricjuice.model.PlayerTest" time="0.0"/>
  <testcase name="hitPointsConsistencyTest()[61]" classname="com.github.cc3002.citricjuice.model.PlayerTest" time="0.0"/>
  <testcase name="hitPointsConsistencyTest()[62]" classname="com.github.cc3002.citricjuice.model.PlayerTest" time="0.0"/>
  <testcase name="hitPointsConsistencyTest()[63]" classname="com.github.cc3002.citricjuice.model.PlayerTest" time="0.001"/>
  <testcase name="hitPointsConsistencyTest()[64]" classname="com.github.cc3002.citricjuice.model.PlayerTest" time="0.0"/>
  <testcase name="hitPointsConsistencyTest()[65]" classname="com.github.cc3002.citricjuice.model.PlayerTest" time="0.0"/>
  <testcase name="hitPointsConsistencyTest()[66]" classname="com.github.cc3002.citricjuice.model.PlayerTest" time="0.001"/>
  <testcase name="hitPointsConsistencyTest()[67]" classname="com.github.cc3002.citricjuice.model.PlayerTest" time="0.0"/>
  <testcase name="hitPointsConsistencyTest()[68]" classname="com.github.cc3002.citricjuice.model.PlayerTest" time="0.0"/>
  <testcase name="hitPointsConsistencyTest()[69]" classname="com.github.cc3002.citricjuice.model.PlayerTest" time="0.0"/>
  <testcase name="hitPointsConsistencyTest()[70]" classname="com.github.cc3002.citricjuice.model.PlayerTest" time="0.0"/>
  <testcase name="hitPointsConsistencyTest()[71]" classname="com.github.cc3002.citricjuice.model.PlayerTest" time="0.0"/>
  <testcase name="hitPointsConsistencyTest()[72]" classname="com.github.cc3002.citricjuice.model.PlayerTest" time="0.0"/>
  <testcase name="hitPointsConsistencyTest()[73]" classname="com.github.cc3002.citricjuice.model.PlayerTest" time="0.0"/>
  <testcase name="hitPointsConsistencyTest()[74]" classname="com.github.cc3002.citricjuice.model.PlayerTest" time="0.001"/>
  <testcase name="hitPointsConsistencyTest()[75]" classname="com.github.cc3002.citricjuice.model.PlayerTest" time="0.0"/>
  <testcase name="hitPointsConsistencyTest()[76]" classname="com.github.cc3002.citricjuice.model.PlayerTest" time="0.0"/>
  <testcase name="hitPointsConsistencyTest()[77]" classname="com.github.cc3002.citricjuice.model.PlayerTest" time="0.0"/>
  <testcase name="hitPointsConsistencyTest()[78]" classname="com.github.cc3002.citricjuice.model.PlayerTest" time="0.0"/>
  <testcase name="hitPointsConsistencyTest()[79]" classname="com.github.cc3002.citricjuice.model.PlayerTest" time="0.001"/>
  <testcase name="hitPointsConsistencyTest()[80]" classname="com.github.cc3002.citricjuice.model.PlayerTest" time="0.0"/>
  <testcase name="hitPointsConsistencyTest()[81]" classname="com.github.cc3002.citricjuice.model.PlayerTest" time="0.0"/>
  <testcase name="hitPointsConsistencyTest()[82]" classname="com.github.cc3002.citricjuice.model.PlayerTest" time="0.0"/>
  <testcase name="hitPointsConsistencyTest()[83]" classname="com.github.cc3002.citricjuice.model.PlayerTest" time="0.0"/>
  <testcase name="hitPointsConsistencyTest()[84]" classname="com.github.cc3002.citricjuice.model.PlayerTest" time="0.0"/>
  <testcase name="hitPointsConsistencyTest()[85]" classname="com.github.cc3002.citricjuice.model.PlayerTest" time="0.0"/>
  <testcase name="hitPointsConsistencyTest()[86]" classname="com.github.cc3002.citricjuice.model.PlayerTest" time="0.0"/>
  <testcase name="hitPointsConsistencyTest()[87]" classname="com.github.cc3002.citricjuice.model.PlayerTest" time="0.0"/>
  <testcase name="hitPointsConsistencyTest()[88]" classname="com.github.cc3002.citricjuice.model.PlayerTest" time="0.001"/>
  <testcase name="hitPointsConsistencyTest()[89]" classname="com.github.cc3002.citricjuice.model.PlayerTest" time="0.0"/>
  <testcase name="hitPointsConsistencyTest()[90]" classname="com.github.cc3002.citricjuice.model.PlayerTest" time="0.0"/>
  <testcase name="hitPointsConsistencyTest()[91]" classname="com.github.cc3002.citricjuice.model.PlayerTest" time="0.0"/>
  <testcase name="hitPointsConsistencyTest()[92]" classname="com.github.cc3002.citricjuice.model.PlayerTest" time="0.0"/>
  <testcase name="hitPointsConsistencyTest()[93]" classname="com.github.cc3002.citricjuice.model.PlayerTest" time="0.0"/>
  <testcase name="hitPointsConsistencyTest()[94]" classname="com.github.cc3002.citricjuice.model.PlayerTest" time="0.0"/>
  <testcase name="hitPointsConsistencyTest()[95]" classname="com.github.cc3002.citricjuice.model.PlayerTest" time="0.0"/>
  <testcase name="hitPointsConsistencyTest()[96]" classname="com.github.cc3002.citricjuice.model.PlayerTest" time="0.0"/>
  <testcase name="hitPointsConsistencyTest()[97]" classname="com.github.cc3002.citricjuice.model.PlayerTest" time="0.0"/>
  <testcase name="hitPointsConsistencyTest()[98]" classname="com.github.cc3002.citricjuice.model.PlayerTest" time="0.0"/>
  <testcase name="hitPointsConsistencyTest()[99]" classname="com.github.cc3002.citricjuice.model.PlayerTest" time="0.0"/>
  <testcase name="hitPointsConsistencyTest()[100]" classname="com.github.cc3002.citricjuice.model.PlayerTest" time="0.001"/>
  <testcase name="evadeAttackTest()[1]" classname="com.github.cc3002.citricjuice.model.PlayerTest" time="0.001"/>
  <testcase name="evadeAttackTest()[2]" classname="com.github.cc3002.citricjuice.model.PlayerTest" time="0.0"/>
  <testcase name="evadeAttackTest()[3]" classname="com.github.cc3002.citricjuice.model.PlayerTest" time="0.0"/>
  <testcase name="evadeAttackTest()[4]" classname="com.github.cc3002.citricjuice.model.PlayerTest" time="0.0"/>
  <testcase name="evadeAttackTest()[5]" classname="com.github.cc3002.citricjuice.model.PlayerTest" time="0.0"/>
  <testcase name="evadeAttackTest()[6]" classname="com.github.cc3002.citricjuice.model.PlayerTest" time="0.0"/>
  <testcase name="evadeAttackTest()[7]" classname="com.github.cc3002.citricjuice.model.PlayerTest" time="0.0"/>
  <testcase name="evadeAttackTest()[8]" classname="com.github.cc3002.citricjuice.model.PlayerTest" time="0.0"/>
  <testcase name="evadeAttackTest()[9]" classname="com.github.cc3002.citricjuice.model.PlayerTest" time="0.0"/>
  <testcase name="evadeAttackTest()[10]" classname="com.github.cc3002.citricjuice.model.PlayerTest" time="0.0"/>
  <testcase name="evadeAttackTest()[11]" classname="com.github.cc3002.citricjuice.model.PlayerTest" time="0.0"/>
  <testcase name="evadeAttackTest()[12]" classname="com.github.cc3002.citricjuice.model.PlayerTest" time="0.0"/>
  <testcase name="evadeAttackTest()[13]" classname="com.github.cc3002.citricjuice.model.PlayerTest" time="0.0"/>
  <testcase name="evadeAttackTest()[14]" classname="com.github.cc3002.citricjuice.model.PlayerTest" time="0.0"/>
  <testcase name="evadeAttackTest()[15]" classname="com.github.cc3002.citricjuice.model.PlayerTest" time="0.001"/>
  <testcase name="evadeAttackTest()[16]" classname="com.github.cc3002.citricjuice.model.PlayerTest" time="0.0"/>
  <testcase name="evadeAttackTest()[17]" classname="com.github.cc3002.citricjuice.model.PlayerTest" time="0.0"/>
  <testcase name="evadeAttackTest()[18]" classname="com.github.cc3002.citricjuice.model.PlayerTest" time="0.0"/>
  <testcase name="evadeAttackTest()[19]" classname="com.github.cc3002.citricjuice.model.PlayerTest" time="0.0"/>
  <testcase name="evadeAttackTest()[20]" classname="com.github.cc3002.citricjuice.model.PlayerTest" time="0.001"/>
  <testcase name="evadeAttackTest()[21]" classname="com.github.cc3002.citricjuice.model.PlayerTest" time="0.0"/>
  <testcase name="evadeAttackTest()[22]" classname="com.github.cc3002.citricjuice.model.PlayerTest" time="0.001"/>
  <testcase name="evadeAttackTest()[23]" classname="com.github.cc3002.citricjuice.model.PlayerTest" time="0.0"/>
  <testcase name="evadeAttackTest()[24]" classname="com.github.cc3002.citricjuice.model.PlayerTest" time="0.0"/>
  <testcase name="evadeAttackTest()[25]" classname="com.github.cc3002.citricjuice.model.PlayerTest" time="0.0"/>
  <testcase name="evadeAttackTest()[26]" classname="com.github.cc3002.citricjuice.model.PlayerTest" time="0.0"/>
  <testcase name="evadeAttackTest()[27]" classname="com.github.cc3002.citricjuice.model.PlayerTest" time="0.0"/>
  <testcase name="evadeAttackTest()[28]" classname="com.github.cc3002.citricjuice.model.PlayerTest" time="0.0"/>
  <testcase name="evadeAttackTest()[29]" classname="com.github.cc3002.citricjuice.model.PlayerTest" time="0.0"/>
  <testcase name="evadeAttackTest()[30]" classname="com.github.cc3002.citricjuice.model.PlayerTest" time="0.0"/>
  <testcase name="evadeAttackTest()[31]" classname="com.github.cc3002.citricjuice.model.PlayerTest" time="0.0"/>
  <testcase name="evadeAttackTest()[32]" classname="com.github.cc3002.citricjuice.model.PlayerTest" time="0.0"/>
  <testcase name="evadeAttackTest()[33]" classname="com.github.cc3002.citricjuice.model.PlayerTest" time="0.0"/>
  <testcase name="evadeAttackTest()[34]" classname="com.github.cc3002.citricjuice.model.PlayerTest" time="0.001"/>
  <testcase name="evadeAttackTest()[35]" classname="com.github.cc3002.citricjuice.model.PlayerTest" time="0.001"/>
  <testcase name="evadeAttackTest()[36]" classname="com.github.cc3002.citricjuice.model.PlayerTest" time="0.001"/>
  <testcase name="evadeAttackTest()[37]" classname="com.github.cc3002.citricjuice.model.PlayerTest" time="0.001"/>
  <testcase name="evadeAttackTest()[38]" classname="com.github.cc3002.citricjuice.model.PlayerTest" time="0.0"/>
  <testcase name="evadeAttackTest()[39]" classname="com.github.cc3002.citricjuice.model.PlayerTest" time="0.001"/>
  <testcase name="evadeAttackTest()[40]" classname="com.github.cc3002.citricjuice.model.PlayerTest" time="0.0"/>
  <testcase name="evadeAttackTest()[41]" classname="com.github.cc3002.citricjuice.model.PlayerTest" time="0.0"/>
  <testcase name="evadeAttackTest()[42]" classname="com.github.cc3002.citricjuice.model.PlayerTest" time="0.004"/>
  <testcase name="evadeAttackTest()[43]" classname="com.github.cc3002.citricjuice.model.PlayerTest" time="0.0"/>
  <testcase name="evadeAttackTest()[44]" classname="com.github.cc3002.citricjuice.model.PlayerTest" time="0.001"/>
  <testcase name="evadeAttackTest()[45]" classname="com.github.cc3002.citricjuice.model.PlayerTest" time="0.0"/>
  <testcase name="evadeAttackTest()[46]" classname="com.github.cc3002.citricjuice.model.PlayerTest" time="0.001"/>
  <testcase name="evadeAttackTest()[47]" classname="com.github.cc3002.citricjuice.model.PlayerTest" time="0.0"/>
  <testcase name="evadeAttackTest()[48]" classname="com.github.cc3002.citricjuice.model.PlayerTest" time="0.0"/>
  <testcase name="evadeAttackTest()[49]" classname="com.github.cc3002.citricjuice.model.PlayerTest" time="0.0"/>
  <testcase name="evadeAttackTest()[50]" classname="com.github.cc3002.citricjuice.model.PlayerTest" time="0.0"/>
  <testcase name="evadeAttackTest()[51]" classname="com.github.cc3002.citricjuice.model.PlayerTest" time="0.0"/>
  <testcase name="evadeAttackTest()[52]" classname="com.github.cc3002.citricjuice.model.PlayerTest" time="0.005"/>
  <testcase name="evadeAttackTest()[53]" classname="com.github.cc3002.citricjuice.model.PlayerTest" time="0.0"/>
  <testcase name="evadeAttackTest()[54]" classname="com.github.cc3002.citricjuice.model.PlayerTest" time="0.001"/>
  <testcase name="evadeAttackTest()[55]" classname="com.github.cc3002.citricjuice.model.PlayerTest" time="0.0"/>
  <testcase name="evadeAttackTest()[56]" classname="com.github.cc3002.citricjuice.model.PlayerTest" time="0.001"/>
  <testcase name="evadeAttackTest()[57]" classname="com.github.cc3002.citricjuice.model.PlayerTest" time="0.0"/>
  <testcase name="evadeAttackTest()[58]" classname="com.github.cc3002.citricjuice.model.PlayerTest" time="0.0"/>
  <testcase name="evadeAttackTest()[59]" classname="com.github.cc3002.citricjuice.model.PlayerTest" time="0.0"/>
  <testcase name="evadeAttackTest()[60]" classname="com.github.cc3002.citricjuice.model.PlayerTest" time="0.001"/>
  <testcase name="evadeAttackTest()[61]" classname="com.github.cc3002.citricjuice.model.PlayerTest" time="0.0"/>
  <testcase name="evadeAttackTest()[62]" classname="com.github.cc3002.citricjuice.model.PlayerTest" time="0.0"/>
  <testcase name="evadeAttackTest()[63]" classname="com.github.cc3002.citricjuice.model.PlayerTest" time="0.0"/>
  <testcase name="evadeAttackTest()[64]" classname="com.github.cc3002.citricjuice.model.PlayerTest" time="0.001"/>
  <testcase name="evadeAttackTest()[65]" classname="com.github.cc3002.citricjuice.model.PlayerTest" time="0.001"/>
  <testcase name="evadeAttackTest()[66]" classname="com.github.cc3002.citricjuice.model.PlayerTest" time="0.0"/>
  <testcase name="evadeAttackTest()[67]" classname="com.github.cc3002.citricjuice.model.PlayerTest" time="0.0"/>
  <testcase name="evadeAttackTest()[68]" classname="com.github.cc3002.citricjuice.model.PlayerTest" time="0.0"/>
  <testcase name="evadeAttackTest()[69]" classname="com.github.cc3002.citricjuice.model.PlayerTest" time="0.0"/>
  <testcase name="evadeAttackTest()[70]" classname="com.github.cc3002.citricjuice.model.PlayerTest" time="0.0"/>
  <testcase name="evadeAttackTest()[71]" classname="com.github.cc3002.citricjuice.model.PlayerTest" time="0.0"/>
  <testcase name="evadeAttackTest()[72]" classname="com.github.cc3002.citricjuice.model.PlayerTest" time="0.0"/>
  <testcase name="evadeAttackTest()[73]" classname="com.github.cc3002.citricjuice.model.PlayerTest" time="0.001"/>
  <testcase name="evadeAttackTest()[74]" classname="com.github.cc3002.citricjuice.model.PlayerTest" time="0.0"/>
  <testcase name="evadeAttackTest()[75]" classname="com.github.cc3002.citricjuice.model.PlayerTest" time="0.0"/>
  <testcase name="evadeAttackTest()[76]" classname="com.github.cc3002.citricjuice.model.PlayerTest" time="0.0"/>
  <testcase name="evadeAttackTest()[77]" classname="com.github.cc3002.citricjuice.model.PlayerTest" time="0.0"/>
  <testcase name="evadeAttackTest()[78]" classname="com.github.cc3002.citricjuice.model.PlayerTest" time="0.001"/>
  <testcase name="evadeAttackTest()[79]" classname="com.github.cc3002.citricjuice.model.PlayerTest" time="0.0"/>
  <testcase name="evadeAttackTest()[80]" classname="com.github.cc3002.citricjuice.model.PlayerTest" time="0.0"/>
  <testcase name="evadeAttackTest()[81]" classname="com.github.cc3002.citricjuice.model.PlayerTest" time="0.0"/>
  <testcase name="evadeAttackTest()[82]" classname="com.github.cc3002.citricjuice.model.PlayerTest" time="0.0"/>
  <testcase name="evadeAttackTest()[83]" classname="com.github.cc3002.citricjuice.model.PlayerTest" time="0.0"/>
  <testcase name="evadeAttackTest()[84]" classname="com.github.cc3002.citricjuice.model.PlayerTest" time="0.0"/>
  <testcase name="evadeAttackTest()[85]" classname="com.github.cc3002.citricjuice.model.PlayerTest" time="0.0"/>
  <testcase name="evadeAttackTest()[86]" classname="com.github.cc3002.citricjuice.model.PlayerTest" time="0.0"/>
  <testcase name="evadeAttackTest()[87]" classname="com.github.cc3002.citricjuice.model.PlayerTest" time="0.0"/>
  <testcase name="evadeAttackTest()[88]" classname="com.github.cc3002.citricjuice.model.PlayerTest" time="0.0"/>
  <testcase name="evadeAttackTest()[89]" classname="com.github.cc3002.citricjuice.model.PlayerTest" time="0.001"/>
  <testcase name="evadeAttackTest()[90]" classname="com.github.cc3002.citricjuice.model.PlayerTest" time="0.0"/>
  <testcase name="evadeAttackTest()[91]" classname="com.github.cc3002.citricjuice.model.PlayerTest" time="0.0"/>
  <testcase name="evadeAttackTest()[92]" classname="com.github.cc3002.citricjuice.model.PlayerTest" time="0.0"/>
  <testcase name="evadeAttackTest()[93]" classname="com.github.cc3002.citricjuice.model.PlayerTest" time="0.0"/>
  <testcase name="evadeAttackTest()[94]" classname="com.github.cc3002.citricjuice.model.PlayerTest" time="0.0"/>
  <testcase name="evadeAttackTest()[95]" classname="com.github.cc3002.citricjuice.model.PlayerTest" time="0.0"/>
  <testcase name="evadeAttackTest()[96]" classname="com.github.cc3002.citricjuice.model.PlayerTest" time="0.0"/>
  <testcase name="evadeAttackTest()[97]" classname="com.github.cc3002.citricjuice.model.PlayerTest" time="0.001"/>
  <testcase name="evadeAttackTest()[98]" classname="com.github.cc3002.citricjuice.model.PlayerTest" time="0.0"/>
  <testcase name="evadeAttackTest()[99]" classname="com.github.cc3002.citricjuice.model.PlayerTest" time="0.0"/>
  <testcase name="evadeAttackTest()[100]" classname="com.github.cc3002.citricjuice.model.PlayerTest" time="0.002"/>
  <testcase name="trySetValuesTest()" classname="com.github.cc3002.citricjuice.model.PlayerTest" time="0.001"/>
  <testcase name="rollConsistencyTest()[1]" classname="com.github.cc3002.citricjuice.model.PlayerTest" time="0.0"/>
  <testcase name="rollConsistencyTest()[2]" classname="com.github.cc3002.citricjuice.model.PlayerTest" time="0.0"/>
  <testcase name="rollConsistencyTest()[3]" classname="com.github.cc3002.citricjuice.model.PlayerTest" time="0.001"/>
  <testcase name="rollConsistencyTest()[4]" classname="com.github.cc3002.citricjuice.model.PlayerTest" time="0.0"/>
  <testcase name="rollConsistencyTest()[5]" classname="com.github.cc3002.citricjuice.model.PlayerTest" time="0.0"/>
  <testcase name="rollConsistencyTest()[6]" classname="com.github.cc3002.citricjuice.model.PlayerTest" time="0.0"/>
  <testcase name="rollConsistencyTest()[7]" classname="com.github.cc3002.citricjuice.model.PlayerTest" time="0.0"/>
  <testcase name="rollConsistencyTest()[8]" classname="com.github.cc3002.citricjuice.model.PlayerTest" time="0.001"/>
  <testcase name="rollConsistencyTest()[9]" classname="com.github.cc3002.citricjuice.model.PlayerTest" time="0.0"/>
  <testcase name="rollConsistencyTest()[10]" classname="com.github.cc3002.citricjuice.model.PlayerTest" time="0.001"/>
  <testcase name="rollConsistencyTest()[11]" classname="com.github.cc3002.citricjuice.model.PlayerTest" time="0.008"/>
  <testcase name="rollConsistencyTest()[12]" classname="com.github.cc3002.citricjuice.model.PlayerTest" time="0.0"/>
  <testcase name="rollConsistencyTest()[13]" classname="com.github.cc3002.citricjuice.model.PlayerTest" time="0.0"/>
  <testcase name="rollConsistencyTest()[14]" classname="com.github.cc3002.citricjuice.model.PlayerTest" time="0.0"/>
  <testcase name="rollConsistencyTest()[15]" classname="com.github.cc3002.citricjuice.model.PlayerTest" time="0.0"/>
  <testcase name="rollConsistencyTest()[16]" classname="com.github.cc3002.citricjuice.model.PlayerTest" time="0.0"/>
  <testcase name="rollConsistencyTest()[17]" classname="com.github.cc3002.citricjuice.model.PlayerTest" time="0.0"/>
  <testcase name="rollConsistencyTest()[18]" classname="com.github.cc3002.citricjuice.model.PlayerTest" time="0.0"/>
  <testcase name="rollConsistencyTest()[19]" classname="com.github.cc3002.citricjuice.model.PlayerTest" time="0.0"/>
  <testcase name="rollConsistencyTest()[20]" classname="com.github.cc3002.citricjuice.model.PlayerTest" time="0.0"/>
  <testcase name="rollConsistencyTest()[21]" classname="com.github.cc3002.citricjuice.model.PlayerTest" time="0.0"/>
  <testcase name="rollConsistencyTest()[22]" classname="com.github.cc3002.citricjuice.model.PlayerTest" time="0.0"/>
  <testcase name="rollConsistencyTest()[23]" classname="com.github.cc3002.citricjuice.model.PlayerTest" time="0.0"/>
  <testcase name="rollConsistencyTest()[24]" classname="com.github.cc3002.citricjuice.model.PlayerTest" time="0.0"/>
  <testcase name="rollConsistencyTest()[25]" classname="com.github.cc3002.citricjuice.model.PlayerTest" time="0.0"/>
  <testcase name="rollConsistencyTest()[26]" classname="com.github.cc3002.citricjuice.model.PlayerTest" time="0.0"/>
  <testcase name="rollConsistencyTest()[27]" classname="com.github.cc3002.citricjuice.model.PlayerTest" time="0.0"/>
  <testcase name="rollConsistencyTest()[28]" classname="com.github.cc3002.citricjuice.model.PlayerTest" time="0.0"/>
  <testcase name="rollConsistencyTest()[29]" classname="com.github.cc3002.citricjuice.model.PlayerTest" time="0.0"/>
  <testcase name="rollConsistencyTest()[30]" classname="com.github.cc3002.citricjuice.model.PlayerTest" time="0.0"/>
  <testcase name="rollConsistencyTest()[31]" classname="com.github.cc3002.citricjuice.model.PlayerTest" time="0.0"/>
  <testcase name="rollConsistencyTest()[32]" classname="com.github.cc3002.citricjuice.model.PlayerTest" time="0.001"/>
  <testcase name="rollConsistencyTest()[33]" classname="com.github.cc3002.citricjuice.model.PlayerTest" time="0.0"/>
  <testcase name="rollConsistencyTest()[34]" classname="com.github.cc3002.citricjuice.model.PlayerTest" time="0.0"/>
  <testcase name="rollConsistencyTest()[35]" classname="com.github.cc3002.citricjuice.model.PlayerTest" time="0.0"/>
  <testcase name="rollConsistencyTest()[36]" classname="com.github.cc3002.citricjuice.model.PlayerTest" time="0.0"/>
  <testcase name="rollConsistencyTest()[37]" classname="com.github.cc3002.citricjuice.model.PlayerTest" time="0.0"/>
  <testcase name="rollConsistencyTest()[38]" classname="com.github.cc3002.citricjuice.model.PlayerTest" time="0.0"/>
  <testcase name="rollConsistencyTest()[39]" classname="com.github.cc3002.citricjuice.model.PlayerTest" time="0.0"/>
  <testcase name="rollConsistencyTest()[40]" classname="com.github.cc3002.citricjuice.model.PlayerTest" time="0.001"/>
  <testcase name="rollConsistencyTest()[41]" classname="com.github.cc3002.citricjuice.model.PlayerTest" time="0.0"/>
  <testcase name="rollConsistencyTest()[42]" classname="com.github.cc3002.citricjuice.model.PlayerTest" time="0.0"/>
  <testcase name="rollConsistencyTest()[43]" classname="com.github.cc3002.citricjuice.model.PlayerTest" time="0.001"/>
  <testcase name="rollConsistencyTest()[44]" classname="com.github.cc3002.citricjuice.model.PlayerTest" time="0.0"/>
  <testcase name="rollConsistencyTest()[45]" classname="com.github.cc3002.citricjuice.model.PlayerTest" time="0.0"/>
  <testcase name="rollConsistencyTest()[46]" classname="com.github.cc3002.citricjuice.model.PlayerTest" time="0.0"/>
  <testcase name="rollConsistencyTest()[47]" classname="com.github.cc3002.citricjuice.model.PlayerTest" time="0.0"/>
  <testcase name="rollConsistencyTest()[48]" classname="com.github.cc3002.citricjuice.model.PlayerTest" time="0.0"/>
  <testcase name="rollConsistencyTest()[49]" classname="com.github.cc3002.citricjuice.model.PlayerTest" time="0.0"/>
  <testcase name="rollConsistencyTest()[50]" classname="com.github.cc3002.citricjuice.model.PlayerTest" time="0.0"/>
  <testcase name="rollConsistencyTest()[51]" classname="com.github.cc3002.citricjuice.model.PlayerTest" time="0.0"/>
  <testcase name="rollConsistencyTest()[52]" classname="com.github.cc3002.citricjuice.model.PlayerTest" time="0.001"/>
  <testcase name="rollConsistencyTest()[53]" classname="com.github.cc3002.citricjuice.model.PlayerTest" time="0.0"/>
  <testcase name="rollConsistencyTest()[54]" classname="com.github.cc3002.citricjuice.model.PlayerTest" time="0.0"/>
  <testcase name="rollConsistencyTest()[55]" classname="com.github.cc3002.citricjuice.model.PlayerTest" time="0.0"/>
  <testcase name="rollConsistencyTest()[56]" classname="com.github.cc3002.citricjuice.model.PlayerTest" time="0.0"/>
  <testcase name="rollConsistencyTest()[57]" classname="com.github.cc3002.citricjuice.model.PlayerTest" time="0.008"/>
  <testcase name="rollConsistencyTest()[58]" classname="com.github.cc3002.citricjuice.model.PlayerTest" time="0.001"/>
  <testcase name="rollConsistencyTest()[59]" classname="com.github.cc3002.citricjuice.model.PlayerTest" time="0.0"/>
  <testcase name="rollConsistencyTest()[60]" classname="com.github.cc3002.citricjuice.model.PlayerTest" time="0.001"/>
  <testcase name="rollConsistencyTest()[61]" classname="com.github.cc3002.citricjuice.model.PlayerTest" time="0.0"/>
  <testcase name="rollConsistencyTest()[62]" classname="com.github.cc3002.citricjuice.model.PlayerTest" time="0.0"/>
  <testcase name="rollConsistencyTest()[63]" classname="com.github.cc3002.citricjuice.model.PlayerTest" time="0.0"/>
  <testcase name="rollConsistencyTest()[64]" classname="com.github.cc3002.citricjuice.model.PlayerTest" time="0.001"/>
  <testcase name="rollConsistencyTest()[65]" classname="com.github.cc3002.citricjuice.model.PlayerTest" time="0.0"/>
  <testcase name="rollConsistencyTest()[66]" classname="com.github.cc3002.citricjuice.model.PlayerTest" time="0.0"/>
  <testcase name="rollConsistencyTest()[67]" classname="com.github.cc3002.citricjuice.model.PlayerTest" time="0.0"/>
  <testcase name="rollConsistencyTest()[68]" classname="com.github.cc3002.citricjuice.model.PlayerTest" time="0.0"/>
  <testcase name="rollConsistencyTest()[69]" classname="com.github.cc3002.citricjuice.model.PlayerTest" time="0.0"/>
  <testcase name="rollConsistencyTest()[70]" classname="com.github.cc3002.citricjuice.model.PlayerTest" time="0.0"/>
  <testcase name="rollConsistencyTest()[71]" classname="com.github.cc3002.citricjuice.model.PlayerTest" time="0.0"/>
  <testcase name="rollConsistencyTest()[72]" classname="com.github.cc3002.citricjuice.model.PlayerTest" time="0.0"/>
  <testcase name="rollConsistencyTest()[73]" classname="com.github.cc3002.citricjuice.model.PlayerTest" time="0.0"/>
  <testcase name="rollConsistencyTest()[74]" classname="com.github.cc3002.citricjuice.model.PlayerTest" time="0.0"/>
  <testcase name="rollConsistencyTest()[75]" classname="com.github.cc3002.citricjuice.model.PlayerTest" time="0.001"/>
  <testcase name="rollConsistencyTest()[76]" classname="com.github.cc3002.citricjuice.model.PlayerTest" time="0.0"/>
  <testcase name="rollConsistencyTest()[77]" classname="com.github.cc3002.citricjuice.model.PlayerTest" time="0.0"/>
  <testcase name="rollConsistencyTest()[78]" classname="com.github.cc3002.citricjuice.model.PlayerTest" time="0.0"/>
  <testcase name="rollConsistencyTest()[79]" classname="com.github.cc3002.citricjuice.model.PlayerTest" time="0.0"/>
  <testcase name="rollConsistencyTest()[80]" classname="com.github.cc3002.citricjuice.model.PlayerTest" time="0.0"/>
  <testcase name="rollConsistencyTest()[81]" classname="com.github.cc3002.citricjuice.model.PlayerTest" time="0.0"/>
  <testcase name="rollConsistencyTest()[82]" classname="com.github.cc3002.citricjuice.model.PlayerTest" time="0.0"/>
  <testcase name="rollConsistencyTest()[83]" classname="com.github.cc3002.citricjuice.model.PlayerTest" time="0.0"/>
  <testcase name="rollConsistencyTest()[84]" classname="com.github.cc3002.citricjuice.model.PlayerTest" time="0.0"/>
  <testcase name="rollConsistencyTest()[85]" classname="com.github.cc3002.citricjuice.model.PlayerTest" time="0.0"/>
  <testcase name="rollConsistencyTest()[86]" classname="com.github.cc3002.citricjuice.model.PlayerTest" time="0.0"/>
  <testcase name="rollConsistencyTest()[87]" classname="com.github.cc3002.citricjuice.model.PlayerTest" time="0.001"/>
  <testcase name="rollConsistencyTest()[88]" classname="com.github.cc3002.citricjuice.model.PlayerTest" time="0.0"/>
  <testcase name="rollConsistencyTest()[89]" classname="com.github.cc3002.citricjuice.model.PlayerTest" time="0.0"/>
  <testcase name="rollConsistencyTest()[90]" classname="com.github.cc3002.citricjuice.model.PlayerTest" time="0.001"/>
  <testcase name="rollConsistencyTest()[91]" classname="com.github.cc3002.citricjuice.model.PlayerTest" time="0.001"/>
  <testcase name="rollConsistencyTest()[92]" classname="com.github.cc3002.citricjuice.model.PlayerTest" time="0.0"/>
  <testcase name="rollConsistencyTest()[93]" classname="com.github.cc3002.citricjuice.model.PlayerTest" time="0.001"/>
  <testcase name="rollConsistencyTest()[94]" classname="com.github.cc3002.citricjuice.model.PlayerTest" time="0.0"/>
  <testcase name="rollConsistencyTest()[95]" classname="com.github.cc3002.citricjuice.model.PlayerTest" time="0.0"/>
  <testcase name="rollConsistencyTest()[96]" classname="com.github.cc3002.citricjuice.model.PlayerTest" time="0.0"/>
  <testcase name="rollConsistencyTest()[97]" classname="com.github.cc3002.citricjuice.model.PlayerTest" time="0.0"/>
  <testcase name="rollConsistencyTest()[98]" classname="com.github.cc3002.citricjuice.model.PlayerTest" time="0.0"/>
  <testcase name="rollConsistencyTest()[99]" classname="com.github.cc3002.citricjuice.model.PlayerTest" time="0.001"/>
  <testcase name="rollConsistencyTest()[100]" classname="com.github.cc3002.citricjuice.model.PlayerTest" time="0.0"/>
  <testcase name="isKOTest()" classname="com.github.cc3002.citricjuice.model.PlayerTest" time="0.001"/>
  <testcase name="normaClearConsistencyTest()[1]" classname="com.github.cc3002.citricjuice.model.PlayerTest" time="0.0"/>
  <testcase name="normaClearConsistencyTest()[2]" classname="com.github.cc3002.citricjuice.model.PlayerTest" time="0.0"/>
  <testcase name="normaClearConsistencyTest()[3]" classname="com.github.cc3002.citricjuice.model.PlayerTest" time="0.0"/>
  <testcase name="normaClearConsistencyTest()[4]" classname="com.github.cc3002.citricjuice.model.PlayerTest" time="0.001"/>
  <testcase name="normaClearConsistencyTest()[5]" classname="com.github.cc3002.citricjuice.model.PlayerTest" time="0.0"/>
  <testcase name="normaClearConsistencyTest()[6]" classname="com.github.cc3002.citricjuice.model.PlayerTest" time="0.0"/>
  <testcase name="normaClearConsistencyTest()[7]" classname="com.github.cc3002.citricjuice.model.PlayerTest" time="0.0"/>
  <testcase name="normaClearConsistencyTest()[8]" classname="com.github.cc3002.citricjuice.model.PlayerTest" time="0.001"/>
  <testcase name="normaClearConsistencyTest()[9]" classname="com.github.cc3002.citricjuice.model.PlayerTest" time="0.001"/>
  <testcase name="normaClearConsistencyTest()[10]" classname="com.github.cc3002.citricjuice.model.PlayerTest" time="0.0"/>
  <testcase name="normaClearConsistencyTest()[11]" classname="com.github.cc3002.citricjuice.model.PlayerTest" time="0.0"/>
  <testcase name="normaClearConsistencyTest()[12]" classname="com.github.cc3002.citricjuice.model.PlayerTest" time="0.0"/>
  <testcase name="normaClearConsistencyTest()[13]" classname="com.github.cc3002.citricjuice.model.PlayerTest" time="0.0"/>
  <testcase name="normaClearConsistencyTest()[14]" classname="com.github.cc3002.citricjuice.model.PlayerTest" time="0.0"/>
  <testcase name="normaClearConsistencyTest()[15]" classname="com.github.cc3002.citricjuice.model.PlayerTest" time="0.0"/>
  <testcase name="normaClearConsistencyTest()[16]" classname="com.github.cc3002.citricjuice.model.PlayerTest" time="0.0"/>
  <testcase name="normaClearConsistencyTest()[17]" classname="com.github.cc3002.citricjuice.model.PlayerTest" time="0.0"/>
  <testcase name="normaClearConsistencyTest()[18]" classname="com.github.cc3002.citricjuice.model.PlayerTest" time="0.001"/>
  <testcase name="normaClearConsistencyTest()[19]" classname="com.github.cc3002.citricjuice.model.PlayerTest" time="0.0"/>
  <testcase name="normaClearConsistencyTest()[20]" classname="com.github.cc3002.citricjuice.model.PlayerTest" time="0.0"/>
  <testcase name="normaClearConsistencyTest()[21]" classname="com.github.cc3002.citricjuice.model.PlayerTest" time="0.0"/>
  <testcase name="normaClearConsistencyTest()[22]" classname="com.github.cc3002.citricjuice.model.PlayerTest" time="0.0"/>
  <testcase name="normaClearConsistencyTest()[23]" classname="com.github.cc3002.citricjuice.model.PlayerTest" time="0.0"/>
  <testcase name="normaClearConsistencyTest()[24]" classname="com.github.cc3002.citricjuice.model.PlayerTest" time="0.0"/>
  <testcase name="normaClearConsistencyTest()[25]" classname="com.github.cc3002.citricjuice.model.PlayerTest" time="0.0"/>
  <testcase name="normaClearConsistencyTest()[26]" classname="com.github.cc3002.citricjuice.model.PlayerTest" time="0.001"/>
  <testcase name="normaClearConsistencyTest()[27]" classname="com.github.cc3002.citricjuice.model.PlayerTest" time="0.0"/>
  <testcase name="normaClearConsistencyTest()[28]" classname="com.github.cc3002.citricjuice.model.PlayerTest" time="0.001"/>
  <testcase name="normaClearConsistencyTest()[29]" classname="com.github.cc3002.citricjuice.model.PlayerTest" time="0.0"/>
  <testcase name="normaClearConsistencyTest()[30]" classname="com.github.cc3002.citricjuice.model.PlayerTest" time="0.0"/>
  <testcase name="normaClearConsistencyTest()[31]" classname="com.github.cc3002.citricjuice.model.PlayerTest" time="0.001"/>
  <testcase name="normaClearConsistencyTest()[32]" classname="com.github.cc3002.citricjuice.model.PlayerTest" time="0.0"/>
  <testcase name="normaClearConsistencyTest()[33]" classname="com.github.cc3002.citricjuice.model.PlayerTest" time="0.0"/>
  <testcase name="normaClearConsistencyTest()[34]" classname="com.github.cc3002.citricjuice.model.PlayerTest" time="0.0"/>
  <testcase name="normaClearConsistencyTest()[35]" classname="com.github.cc3002.citricjuice.model.PlayerTest" time="0.0"/>
  <testcase name="normaClearConsistencyTest()[36]" classname="com.github.cc3002.citricjuice.model.PlayerTest" time="0.0"/>
  <testcase name="normaClearConsistencyTest()[37]" classname="com.github.cc3002.citricjuice.model.PlayerTest" time="0.001"/>
  <testcase name="normaClearConsistencyTest()[38]" classname="com.github.cc3002.citricjuice.model.PlayerTest" time="0.0"/>
  <testcase name="normaClearConsistencyTest()[39]" classname="com.github.cc3002.citricjuice.model.PlayerTest" time="0.001"/>
  <testcase name="normaClearConsistencyTest()[40]" classname="com.github.cc3002.citricjuice.model.PlayerTest" time="0.0"/>
  <testcase name="normaClearConsistencyTest()[41]" classname="com.github.cc3002.citricjuice.model.PlayerTest" time="0.0"/>
  <testcase name="normaClearConsistencyTest()[42]" classname="com.github.cc3002.citricjuice.model.PlayerTest" time="0.001"/>
  <testcase name="normaClearConsistencyTest()[43]" classname="com.github.cc3002.citricjuice.model.PlayerTest" time="0.0"/>
  <testcase name="normaClearConsistencyTest()[44]" classname="com.github.cc3002.citricjuice.model.PlayerTest" time="0.0"/>
  <testcase name="normaClearConsistencyTest()[45]" classname="com.github.cc3002.citricjuice.model.PlayerTest" time="0.0"/>
  <testcase name="normaClearConsistencyTest()[46]" classname="com.github.cc3002.citricjuice.model.PlayerTest" time="0.001"/>
  <testcase name="normaClearConsistencyTest()[47]" classname="com.github.cc3002.citricjuice.model.PlayerTest" time="0.0"/>
  <testcase name="normaClearConsistencyTest()[48]" classname="com.github.cc3002.citricjuice.model.PlayerTest" time="0.0"/>
  <testcase name="normaClearConsistencyTest()[49]" classname="com.github.cc3002.citricjuice.model.PlayerTest" time="0.0"/>
  <testcase name="normaClearConsistencyTest()[50]" classname="com.github.cc3002.citricjuice.model.PlayerTest" time="0.0"/>
  <testcase name="normaClearConsistencyTest()[51]" classname="com.github.cc3002.citricjuice.model.PlayerTest" time="0.0"/>
  <testcase name="normaClearConsistencyTest()[52]" classname="com.github.cc3002.citricjuice.model.PlayerTest" time="0.0"/>
  <testcase name="normaClearConsistencyTest()[53]" classname="com.github.cc3002.citricjuice.model.PlayerTest" time="0.001"/>
  <testcase name="normaClearConsistencyTest()[54]" classname="com.github.cc3002.citricjuice.model.PlayerTest" time="0.0"/>
  <testcase name="normaClearConsistencyTest()[55]" classname="com.github.cc3002.citricjuice.model.PlayerTest" time="0.001"/>
  <testcase name="normaClearConsistencyTest()[56]" classname="com.github.cc3002.citricjuice.model.PlayerTest" time="0.0"/>
  <testcase name="normaClearConsistencyTest()[57]" classname="com.github.cc3002.citricjuice.model.PlayerTest" time="0.0"/>
  <testcase name="normaClearConsistencyTest()[58]" classname="com.github.cc3002.citricjuice.model.PlayerTest" time="0.0"/>
  <testcase name="normaClearConsistencyTest()[59]" classname="com.github.cc3002.citricjuice.model.PlayerTest" time="0.001"/>
  <testcase name="normaClearConsistencyTest()[60]" classname="com.github.cc3002.citricjuice.model.PlayerTest" time="0.001"/>
  <testcase name="normaClearConsistencyTest()[61]" classname="com.github.cc3002.citricjuice.model.PlayerTest" time="0.001"/>
  <testcase name="normaClearConsistencyTest()[62]" classname="com.github.cc3002.citricjuice.model.PlayerTest" time="0.0"/>
  <testcase name="normaClearConsistencyTest()[63]" classname="com.github.cc3002.citricjuice.model.PlayerTest" time="0.0"/>
  <testcase name="normaClearConsistencyTest()[64]" classname="com.github.cc3002.citricjuice.model.PlayerTest" time="0.0"/>
  <testcase name="normaClearConsistencyTest()[65]" classname="com.github.cc3002.citricjuice.model.PlayerTest" time="0.0"/>
  <testcase name="normaClearConsistencyTest()[66]" classname="com.github.cc3002.citricjuice.model.PlayerTest" time="0.001"/>
  <testcase name="normaClearConsistencyTest()[67]" classname="com.github.cc3002.citricjuice.model.PlayerTest" time="0.0"/>
  <testcase name="normaClearConsistencyTest()[68]" classname="com.github.cc3002.citricjuice.model.PlayerTest" time="0.005"/>
  <testcase name="normaClearConsistencyTest()[69]" classname="com.github.cc3002.citricjuice.model.PlayerTest" time="0.001"/>
  <testcase name="normaClearConsistencyTest()[70]" classname="com.github.cc3002.citricjuice.model.PlayerTest" time="0.0"/>
  <testcase name="normaClearConsistencyTest()[71]" classname="com.github.cc3002.citricjuice.model.PlayerTest" time="0.001"/>
  <testcase name="normaClearConsistencyTest()[72]" classname="com.github.cc3002.citricjuice.model.PlayerTest" time="0.0"/>
  <testcase name="normaClearConsistencyTest()[73]" classname="com.github.cc3002.citricjuice.model.PlayerTest" time="0.0"/>
  <testcase name="normaClearConsistencyTest()[74]" classname="com.github.cc3002.citricjuice.model.PlayerTest" time="0.0"/>
  <testcase name="normaClearConsistencyTest()[75]" classname="com.github.cc3002.citricjuice.model.PlayerTest" time="0.0"/>
  <testcase name="normaClearConsistencyTest()[76]" classname="com.github.cc3002.citricjuice.model.PlayerTest" time="0.0"/>
  <testcase name="normaClearConsistencyTest()[77]" classname="com.github.cc3002.citricjuice.model.PlayerTest" time="0.001"/>
  <testcase name="normaClearConsistencyTest()[78]" classname="com.github.cc3002.citricjuice.model.PlayerTest" time="0.0"/>
  <testcase name="normaClearConsistencyTest()[79]" classname="com.github.cc3002.citricjuice.model.PlayerTest" time="0.0"/>
  <testcase name="normaClearConsistencyTest()[80]" classname="com.github.cc3002.citricjuice.model.PlayerTest" time="0.0"/>
  <testcase name="normaClearConsistencyTest()[81]" classname="com.github.cc3002.citricjuice.model.PlayerTest" time="0.0"/>
  <testcase name="normaClearConsistencyTest()[82]" classname="com.github.cc3002.citricjuice.model.PlayerTest" time="0.0"/>
  <testcase name="normaClearConsistencyTest()[83]" classname="com.github.cc3002.citricjuice.model.PlayerTest" time="0.0"/>
  <testcase name="normaClearConsistencyTest()[84]" classname="com.github.cc3002.citricjuice.model.PlayerTest" time="0.0"/>
  <testcase name="normaClearConsistencyTest()[85]" classname="com.github.cc3002.citricjuice.model.PlayerTest" time="0.0"/>
  <testcase name="normaClearConsistencyTest()[86]" classname="com.github.cc3002.citricjuice.model.PlayerTest" time="0.0"/>
  <testcase name="normaClearConsistencyTest()[87]" classname="com.github.cc3002.citricjuice.model.PlayerTest" time="0.0"/>
  <testcase name="normaClearConsistencyTest()[88]" classname="com.github.cc3002.citricjuice.model.PlayerTest" time="0.0"/>
  <testcase name="normaClearConsistencyTest()[89]" classname="com.github.cc3002.citricjuice.model.PlayerTest" time="0.0"/>
  <testcase name="normaClearConsistencyTest()[90]" classname="com.github.cc3002.citricjuice.model.PlayerTest" time="0.001"/>
  <testcase name="normaClearConsistencyTest()[91]" classname="com.github.cc3002.citricjuice.model.PlayerTest" time="0.0"/>
  <testcase name="normaClearConsistencyTest()[92]" classname="com.github.cc3002.citricjuice.model.PlayerTest" time="0.0"/>
  <testcase name="normaClearConsistencyTest()[93]" classname="com.github.cc3002.citricjuice.model.PlayerTest" time="0.0"/>
  <testcase name="normaClearConsistencyTest()[94]" classname="com.github.cc3002.citricjuice.model.PlayerTest" time="0.0"/>
  <testcase name="normaClearConsistencyTest()[95]" classname="com.github.cc3002.citricjuice.model.PlayerTest" time="0.0"/>
  <testcase name="normaClearConsistencyTest()[96]" classname="com.github.cc3002.citricjuice.model.PlayerTest" time="0.0"/>
  <testcase name="normaClearConsistencyTest()[97]" classname="com.github.cc3002.citricjuice.model.PlayerTest" time="0.0"/>
  <testcase name="normaClearConsistencyTest()[98]" classname="com.github.cc3002.citricjuice.model.PlayerTest" time="0.001"/>
  <testcase name="normaClearConsistencyTest()[99]" classname="com.github.cc3002.citricjuice.model.PlayerTest" time="0.0"/>
  <testcase name="normaClearConsistencyTest()[100]" classname="com.github.cc3002.citricjuice.model.PlayerTest" time="0.001"/>
  <testcase name="normaClearTest()" classname="com.github.cc3002.citricjuice.model.PlayerTest" time="0.0"/>
  <testcase name="defendAttackTest()[1]" classname="com.github.cc3002.citricjuice.model.PlayerTest" time="0.0"/>
  <testcase name="defendAttackTest()[2]" classname="com.github.cc3002.citricjuice.model.PlayerTest" time="0.0"/>
  <testcase name="defendAttackTest()[3]" classname="com.github.cc3002.citricjuice.model.PlayerTest" time="0.0"/>
  <testcase name="defendAttackTest()[4]" classname="com.github.cc3002.citricjuice.model.PlayerTest" time="0.0"/>
  <testcase name="defendAttackTest()[5]" classname="com.github.cc3002.citricjuice.model.PlayerTest" time="0.0"/>
  <testcase name="defendAttackTest()[6]" classname="com.github.cc3002.citricjuice.model.PlayerTest" time="0.0"/>
  <testcase name="defendAttackTest()[7]" classname="com.github.cc3002.citricjuice.model.PlayerTest" time="0.0"/>
  <testcase name="defendAttackTest()[8]" classname="com.github.cc3002.citricjuice.model.PlayerTest" time="0.001"/>
  <testcase name="defendAttackTest()[9]" classname="com.github.cc3002.citricjuice.model.PlayerTest" time="0.0"/>
  <testcase name="defendAttackTest()[10]" classname="com.github.cc3002.citricjuice.model.PlayerTest" time="0.002"/>
  <testcase name="defendAttackTest()[11]" classname="com.github.cc3002.citricjuice.model.PlayerTest" time="0.001"/>
  <testcase name="defendAttackTest()[12]" classname="com.github.cc3002.citricjuice.model.PlayerTest" time="0.0"/>
  <testcase name="defendAttackTest()[13]" classname="com.github.cc3002.citricjuice.model.PlayerTest" time="0.0"/>
  <testcase name="defendAttackTest()[14]" classname="com.github.cc3002.citricjuice.model.PlayerTest" time="0.001"/>
  <testcase name="defendAttackTest()[15]" classname="com.github.cc3002.citricjuice.model.PlayerTest" time="0.0"/>
  <testcase name="defendAttackTest()[16]" classname="com.github.cc3002.citricjuice.model.PlayerTest" time="0.0"/>
  <testcase name="defendAttackTest()[17]" classname="com.github.cc3002.citricjuice.model.PlayerTest" time="0.001"/>
  <testcase name="defendAttackTest()[18]" classname="com.github.cc3002.citricjuice.model.PlayerTest" time="0.0"/>
  <testcase name="defendAttackTest()[19]" classname="com.github.cc3002.citricjuice.model.PlayerTest" time="0.0"/>
  <testcase name="defendAttackTest()[20]" classname="com.github.cc3002.citricjuice.model.PlayerTest" time="0.0"/>
  <testcase name="defendAttackTest()[21]" classname="com.github.cc3002.citricjuice.model.PlayerTest" time="0.0"/>
  <testcase name="defendAttackTest()[22]" classname="com.github.cc3002.citricjuice.model.PlayerTest" time="0.0"/>
  <testcase name="defendAttackTest()[23]" classname="com.github.cc3002.citricjuice.model.PlayerTest" time="0.0"/>
  <testcase name="defendAttackTest()[24]" classname="com.github.cc3002.citricjuice.model.PlayerTest" time="0.0"/>
  <testcase name="defendAttackTest()[25]" classname="com.github.cc3002.citricjuice.model.PlayerTest" time="0.0"/>
  <testcase name="defendAttackTest()[26]" classname="com.github.cc3002.citricjuice.model.PlayerTest" time="0.0"/>
  <testcase name="defendAttackTest()[27]" classname="com.github.cc3002.citricjuice.model.PlayerTest" time="0.0"/>
  <testcase name="defendAttackTest()[28]" classname="com.github.cc3002.citricjuice.model.PlayerTest" time="0.0"/>
  <testcase name="defendAttackTest()[29]" classname="com.github.cc3002.citricjuice.model.PlayerTest" time="0.0"/>
  <testcase name="defendAttackTest()[30]" classname="com.github.cc3002.citricjuice.model.PlayerTest" time="0.0"/>
  <testcase name="defendAttackTest()[31]" classname="com.github.cc3002.citricjuice.model.PlayerTest" time="0.0"/>
  <testcase name="defendAttackTest()[32]" classname="com.github.cc3002.citricjuice.model.PlayerTest" time="0.001"/>
  <testcase name="defendAttackTest()[33]" classname="com.github.cc3002.citricjuice.model.PlayerTest" time="0.0"/>
  <testcase name="defendAttackTest()[34]" classname="com.github.cc3002.citricjuice.model.PlayerTest" time="0.0"/>
  <testcase name="defendAttackTest()[35]" classname="com.github.cc3002.citricjuice.model.PlayerTest" time="0.0"/>
  <testcase name="defendAttackTest()[36]" classname="com.github.cc3002.citricjuice.model.PlayerTest" time="0.0"/>
  <testcase name="defendAttackTest()[37]" classname="com.github.cc3002.citricjuice.model.PlayerTest" time="0.001"/>
  <testcase name="defendAttackTest()[38]" classname="com.github.cc3002.citricjuice.model.PlayerTest" time="0.0"/>
  <testcase name="defendAttackTest()[39]" classname="com.github.cc3002.citricjuice.model.PlayerTest" time="0.0"/>
  <testcase name="defendAttackTest()[40]" classname="com.github.cc3002.citricjuice.model.PlayerTest" time="0.001"/>
  <testcase name="defendAttackTest()[41]" classname="com.github.cc3002.citricjuice.model.PlayerTest" time="0.0"/>
  <testcase name="defendAttackTest()[42]" classname="com.github.cc3002.citricjuice.model.PlayerTest" time="0.0"/>
  <testcase name="defendAttackTest()[43]" classname="com.github.cc3002.citricjuice.model.PlayerTest" time="0.001"/>
  <testcase name="defendAttackTest()[44]" classname="com.github.cc3002.citricjuice.model.PlayerTest" time="0.0"/>
  <testcase name="defendAttackTest()[45]" classname="com.github.cc3002.citricjuice.model.PlayerTest" time="0.0"/>
  <testcase name="defendAttackTest()[46]" classname="com.github.cc3002.citricjuice.model.PlayerTest" time="0.001"/>
  <testcase name="defendAttackTest()[47]" classname="com.github.cc3002.citricjuice.model.PlayerTest" time="0.0"/>
  <testcase name="defendAttackTest()[48]" classname="com.github.cc3002.citricjuice.model.PlayerTest" time="0.0"/>
  <testcase name="defendAttackTest()[49]" classname="com.github.cc3002.citricjuice.model.PlayerTest" time="0.0"/>
  <testcase name="defendAttackTest()[50]" classname="com.github.cc3002.citricjuice.model.PlayerTest" time="0.001"/>
  <testcase name="defendAttackTest()[51]" classname="com.github.cc3002.citricjuice.model.PlayerTest" time="0.0"/>
  <testcase name="defendAttackTest()[52]" classname="com.github.cc3002.citricjuice.model.PlayerTest" time="0.0"/>
  <testcase name="defendAttackTest()[53]" classname="com.github.cc3002.citricjuice.model.PlayerTest" time="0.0"/>
  <testcase name="defendAttackTest()[54]" classname="com.github.cc3002.citricjuice.model.PlayerTest" time="0.0"/>
  <testcase name="defendAttackTest()[55]" classname="com.github.cc3002.citricjuice.model.PlayerTest" time="0.0"/>
  <testcase name="defendAttackTest()[56]" classname="com.github.cc3002.citricjuice.model.PlayerTest" time="0.0"/>
  <testcase name="defendAttackTest()[57]" classname="com.github.cc3002.citricjuice.model.PlayerTest" time="0.0"/>
  <testcase name="defendAttackTest()[58]" classname="com.github.cc3002.citricjuice.model.PlayerTest" time="0.0"/>
  <testcase name="defendAttackTest()[59]" classname="com.github.cc3002.citricjuice.model.PlayerTest" time="0.0"/>
  <testcase name="defendAttackTest()[60]" classname="com.github.cc3002.citricjuice.model.PlayerTest" time="0.001"/>
  <testcase name="defendAttackTest()[61]" classname="com.github.cc3002.citricjuice.model.PlayerTest" time="0.0"/>
  <testcase name="defendAttackTest()[62]" classname="com.github.cc3002.citricjuice.model.PlayerTest" time="0.0"/>
  <testcase name="defendAttackTest()[63]" classname="com.github.cc3002.citricjuice.model.PlayerTest" time="0.0"/>
  <testcase name="defendAttackTest()[64]" classname="com.github.cc3002.citricjuice.model.PlayerTest" time="0.0"/>
  <testcase name="defendAttackTest()[65]" classname="com.github.cc3002.citricjuice.model.PlayerTest" time="0.0"/>
  <testcase name="defendAttackTest()[66]" classname="com.github.cc3002.citricjuice.model.PlayerTest" time="0.0"/>
  <testcase name="defendAttackTest()[67]" classname="com.github.cc3002.citricjuice.model.PlayerTest" time="0.0"/>
  <testcase name="defendAttackTest()[68]" classname="com.github.cc3002.citricjuice.model.PlayerTest" time="0.0"/>
  <testcase name="defendAttackTest()[69]" classname="com.github.cc3002.citricjuice.model.PlayerTest" time="0.0"/>
  <testcase name="defendAttackTest()[70]" classname="com.github.cc3002.citricjuice.model.PlayerTest" time="0.0"/>
  <testcase name="defendAttackTest()[71]" classname="com.github.cc3002.citricjuice.model.PlayerTest" time="0.0"/>
  <testcase name="defendAttackTest()[72]" classname="com.github.cc3002.citricjuice.model.PlayerTest" time="0.0"/>
  <testcase name="defendAttackTest()[73]" classname="com.github.cc3002.citricjuice.model.PlayerTest" time="0.0"/>
  <testcase name="defendAttackTest()[74]" classname="com.github.cc3002.citricjuice.model.PlayerTest" time="0.0"/>
  <testcase name="defendAttackTest()[75]" classname="com.github.cc3002.citricjuice.model.PlayerTest" time="0.001"/>
  <testcase name="defendAttackTest()[76]" classname="com.github.cc3002.citricjuice.model.PlayerTest" time="0.0"/>
  <testcase name="defendAttackTest()[77]" classname="com.github.cc3002.citricjuice.model.PlayerTest" time="0.002"/>
  <testcase name="defendAttackTest()[78]" classname="com.github.cc3002.citricjuice.model.PlayerTest" time="0.0"/>
  <testcase name="defendAttackTest()[79]" classname="com.github.cc3002.citricjuice.model.PlayerTest" time="0.001"/>
  <testcase name="defendAttackTest()[80]" classname="com.github.cc3002.citricjuice.model.PlayerTest" time="0.0"/>
  <testcase name="defendAttackTest()[81]" classname="com.github.cc3002.citricjuice.model.PlayerTest" time="0.0"/>
  <testcase name="defendAttackTest()[82]" classname="com.github.cc3002.citricjuice.model.PlayerTest" time="0.0"/>
  <testcase name="defendAttackTest()[83]" classname="com.github.cc3002.citricjuice.model.PlayerTest" time="0.001"/>
  <testcase name="defendAttackTest()[84]" classname="com.github.cc3002.citricjuice.model.PlayerTest" time="0.0"/>
  <testcase name="defendAttackTest()[85]" classname="com.github.cc3002.citricjuice.model.PlayerTest" time="0.0"/>
  <testcase name="defendAttackTest()[86]" classname="com.github.cc3002.citricjuice.model.PlayerTest" time="0.0"/>
  <testcase name="defendAttackTest()[87]" classname="com.github.cc3002.citricjuice.model.PlayerTest" time="0.0"/>
  <testcase name="defendAttackTest()[88]" classname="com.github.cc3002.citricjuice.model.PlayerTest" time="0.0"/>
  <testcase name="defendAttackTest()[89]" classname="com.github.cc3002.citricjuice.model.PlayerTest" time="0.0"/>
  <testcase name="defendAttackTest()[90]" classname="com.github.cc3002.citricjuice.model.PlayerTest" time="0.0"/>
  <testcase name="defendAttackTest()[91]" classname="com.github.cc3002.citricjuice.model.PlayerTest" time="0.0"/>
  <testcase name="defendAttackTest()[92]" classname="com.github.cc3002.citricjuice.model.PlayerTest" time="0.0"/>
  <testcase name="defendAttackTest()[93]" classname="com.github.cc3002.citricjuice.model.PlayerTest" time="0.001"/>
  <testcase name="defendAttackTest()[94]" classname="com.github.cc3002.citricjuice.model.PlayerTest" time="0.0"/>
  <testcase name="defendAttackTest()[95]" classname="com.github.cc3002.citricjuice.model.PlayerTest" time="0.0"/>
  <testcase name="defendAttackTest()[96]" classname="com.github.cc3002.citricjuice.model.PlayerTest" time="0.0"/>
  <testcase name="defendAttackTest()[97]" classname="com.github.cc3002.citricjuice.model.PlayerTest" time="0.003"/>
  <testcase name="defendAttackTest()[98]" classname="com.github.cc3002.citricjuice.model.PlayerTest" time="0.001"/>
  <testcase name="defendAttackTest()[99]" classname="com.github.cc3002.citricjuice.model.PlayerTest" time="0.0"/>
  <testcase name="defendAttackTest()[100]" classname="com.github.cc3002.citricjuice.model.PlayerTest" time="0.0"/>
  <testcase name="attackTest()[1]" classname="com.github.cc3002.citricjuice.model.PlayerTest" time="0.0"/>
  <testcase name="attackTest()[2]" classname="com.github.cc3002.citricjuice.model.PlayerTest" time="0.001"/>
  <testcase name="attackTest()[3]" classname="com.github.cc3002.citricjuice.model.PlayerTest" time="0.0"/>
  <testcase name="attackTest()[4]" classname="com.github.cc3002.citricjuice.model.PlayerTest" time="0.0"/>
  <testcase name="attackTest()[5]" classname="com.github.cc3002.citricjuice.model.PlayerTest" time="0.0"/>
  <testcase name="attackTest()[6]" classname="com.github.cc3002.citricjuice.model.PlayerTest" time="0.0"/>
  <testcase name="attackTest()[7]" classname="com.github.cc3002.citricjuice.model.PlayerTest" time="0.0"/>
  <testcase name="attackTest()[8]" classname="com.github.cc3002.citricjuice.model.PlayerTest" time="0.032"/>
  <testcase name="attackTest()[9]" classname="com.github.cc3002.citricjuice.model.PlayerTest" time="0.0"/>
  <testcase name="attackTest()[10]" classname="com.github.cc3002.citricjuice.model.PlayerTest" time="0.0"/>
  <testcase name="attackTest()[11]" classname="com.github.cc3002.citricjuice.model.PlayerTest" time="0.0"/>
  <testcase name="attackTest()[12]" classname="com.github.cc3002.citricjuice.model.PlayerTest" time="0.0"/>
  <testcase name="attackTest()[13]" classname="com.github.cc3002.citricjuice.model.PlayerTest" time="0.001"/>
  <testcase name="attackTest()[14]" classname="com.github.cc3002.citricjuice.model.PlayerTest" time="0.0"/>
  <testcase name="attackTest()[15]" classname="com.github.cc3002.citricjuice.model.PlayerTest" time="0.0"/>
  <testcase name="attackTest()[16]" classname="com.github.cc3002.citricjuice.model.PlayerTest" time="0.001"/>
  <testcase name="attackTest()[17]" classname="com.github.cc3002.citricjuice.model.PlayerTest" time="0.001"/>
  <testcase name="attackTest()[18]" classname="com.github.cc3002.citricjuice.model.PlayerTest" time="0.0"/>
  <testcase name="attackTest()[19]" classname="com.github.cc3002.citricjuice.model.PlayerTest" time="0.0"/>
  <testcase name="attackTest()[20]" classname="com.github.cc3002.citricjuice.model.PlayerTest" time="0.0"/>
  <testcase name="attackTest()[21]" classname="com.github.cc3002.citricjuice.model.PlayerTest" time="0.0"/>
  <testcase name="attackTest()[22]" classname="com.github.cc3002.citricjuice.model.PlayerTest" time="0.0"/>
  <testcase name="attackTest()[23]" classname="com.github.cc3002.citricjuice.model.PlayerTest" time="0.0"/>
  <testcase name="attackTest()[24]" classname="com.github.cc3002.citricjuice.model.PlayerTest" time="0.0"/>
  <testcase name="attackTest()[25]" classname="com.github.cc3002.citricjuice.model.PlayerTest" time="0.0"/>
  <testcase name="attackTest()[26]" classname="com.github.cc3002.citricjuice.model.PlayerTest" time="0.0"/>
  <testcase name="attackTest()[27]" classname="com.github.cc3002.citricjuice.model.PlayerTest" time="0.0"/>
  <testcase name="attackTest()[28]" classname="com.github.cc3002.citricjuice.model.PlayerTest" time="0.0"/>
  <testcase name="attackTest()[29]" classname="com.github.cc3002.citricjuice.model.PlayerTest" time="0.005"/>
  <testcase name="attackTest()[30]" classname="com.github.cc3002.citricjuice.model.PlayerTest" time="0.0"/>
  <testcase name="attackTest()[31]" classname="com.github.cc3002.citricjuice.model.PlayerTest" time="0.0"/>
  <testcase name="attackTest()[32]" classname="com.github.cc3002.citricjuice.model.PlayerTest" time="0.0"/>
  <testcase name="attackTest()[33]" classname="com.github.cc3002.citricjuice.model.PlayerTest" time="0.0"/>
  <testcase name="attackTest()[34]" classname="com.github.cc3002.citricjuice.model.PlayerTest" time="0.0"/>
  <testcase name="attackTest()[35]" classname="com.github.cc3002.citricjuice.model.PlayerTest" time="0.0"/>
  <testcase name="attackTest()[36]" classname="com.github.cc3002.citricjuice.model.PlayerTest" time="0.0"/>
  <testcase name="attackTest()[37]" classname="com.github.cc3002.citricjuice.model.PlayerTest" time="0.0"/>
  <testcase name="attackTest()[38]" classname="com.github.cc3002.citricjuice.model.PlayerTest" time="0.0"/>
  <testcase name="attackTest()[39]" classname="com.github.cc3002.citricjuice.model.PlayerTest" time="0.0"/>
  <testcase name="attackTest()[40]" classname="com.github.cc3002.citricjuice.model.PlayerTest" time="0.001"/>
  <testcase name="attackTest()[41]" classname="com.github.cc3002.citricjuice.model.PlayerTest" time="0.0"/>
  <testcase name="attackTest()[42]" classname="com.github.cc3002.citricjuice.model.PlayerTest" time="0.0"/>
  <testcase name="attackTest()[43]" classname="com.github.cc3002.citricjuice.model.PlayerTest" time="0.0"/>
  <testcase name="attackTest()[44]" classname="com.github.cc3002.citricjuice.model.PlayerTest" time="0.0"/>
  <testcase name="attackTest()[45]" classname="com.github.cc3002.citricjuice.model.PlayerTest" time="0.001"/>
  <testcase name="attackTest()[46]" classname="com.github.cc3002.citricjuice.model.PlayerTest" time="0.0"/>
  <testcase name="attackTest()[47]" classname="com.github.cc3002.citricjuice.model.PlayerTest" time="0.001"/>
  <testcase name="attackTest()[48]" classname="com.github.cc3002.citricjuice.model.PlayerTest" time="0.0"/>
  <testcase name="attackTest()[49]" classname="com.github.cc3002.citricjuice.model.PlayerTest" time="0.0"/>
  <testcase name="attackTest()[50]" classname="com.github.cc3002.citricjuice.model.PlayerTest" time="0.0"/>
  <testcase name="attackTest()[51]" classname="com.github.cc3002.citricjuice.model.PlayerTest" time="0.0"/>
  <testcase name="attackTest()[52]" classname="com.github.cc3002.citricjuice.model.PlayerTest" time="0.001"/>
  <testcase name="attackTest()[53]" classname="com.github.cc3002.citricjuice.model.PlayerTest" time="0.002"/>
  <testcase name="attackTest()[54]" classname="com.github.cc3002.citricjuice.model.PlayerTest" time="0.001"/>
  <testcase name="attackTest()[55]" classname="com.github.cc3002.citricjuice.model.PlayerTest" time="0.0"/>
  <testcase name="attackTest()[56]" classname="com.github.cc3002.citricjuice.model.PlayerTest" time="0.0"/>
  <testcase name="attackTest()[57]" classname="com.github.cc3002.citricjuice.model.PlayerTest" time="0.0"/>
  <testcase name="attackTest()[58]" classname="com.github.cc3002.citricjuice.model.PlayerTest" time="0.0"/>
  <testcase name="attackTest()[59]" classname="com.github.cc3002.citricjuice.model.PlayerTest" time="0.0"/>
  <testcase name="attackTest()[60]" classname="com.github.cc3002.citricjuice.model.PlayerTest" time="0.0"/>
  <testcase name="attackTest()[61]" classname="com.github.cc3002.citricjuice.model.PlayerTest" time="0.001"/>
  <testcase name="attackTest()[62]" classname="com.github.cc3002.citricjuice.model.PlayerTest" time="0.0"/>
  <testcase name="attackTest()[63]" classname="com.github.cc3002.citricjuice.model.PlayerTest" time="0.0"/>
  <testcase name="attackTest()[64]" classname="com.github.cc3002.citricjuice.model.PlayerTest" time="0.0"/>
  <testcase name="attackTest()[65]" classname="com.github.cc3002.citricjuice.model.PlayerTest" time="0.0"/>
  <testcase name="attackTest()[66]" classname="com.github.cc3002.citricjuice.model.PlayerTest" time="0.0"/>
  <testcase name="attackTest()[67]" classname="com.github.cc3002.citricjuice.model.PlayerTest" time="0.0"/>
  <testcase name="attackTest()[68]" classname="com.github.cc3002.citricjuice.model.PlayerTest" time="0.001"/>
  <testcase name="attackTest()[69]" classname="com.github.cc3002.citricjuice.model.PlayerTest" time="0.0"/>
  <testcase name="attackTest()[70]" classname="com.github.cc3002.citricjuice.model.PlayerTest" time="0.0"/>
  <testcase name="attackTest()[71]" classname="com.github.cc3002.citricjuice.model.PlayerTest" time="0.0"/>
  <testcase name="attackTest()[72]" classname="com.github.cc3002.citricjuice.model.PlayerTest" time="0.0"/>
  <testcase name="attackTest()[73]" classname="com.github.cc3002.citricjuice.model.PlayerTest" time="0.001"/>
  <testcase name="attackTest()[74]" classname="com.github.cc3002.citricjuice.model.PlayerTest" time="0.0"/>
  <testcase name="attackTest()[75]" classname="com.github.cc3002.citricjuice.model.PlayerTest" time="0.0"/>
  <testcase name="attackTest()[76]" classname="com.github.cc3002.citricjuice.model.PlayerTest" time="0.001"/>
  <testcase name="attackTest()[77]" classname="com.github.cc3002.citricjuice.model.PlayerTest" time="0.001"/>
  <testcase name="attackTest()[78]" classname="com.github.cc3002.citricjuice.model.PlayerTest" time="0.0"/>
  <testcase name="attackTest()[79]" classname="com.github.cc3002.citricjuice.model.PlayerTest" time="0.0"/>
  <testcase name="attackTest()[80]" classname="com.github.cc3002.citricjuice.model.PlayerTest" time="0.001"/>
  <testcase name="attackTest()[81]" classname="com.github.cc3002.citricjuice.model.PlayerTest" time="0.0"/>
  <testcase name="attackTest()[82]" classname="com.github.cc3002.citricjuice.model.PlayerTest" time="0.0"/>
  <testcase name="attackTest()[83]" classname="com.github.cc3002.citricjuice.model.PlayerTest" time="0.0"/>
  <testcase name="attackTest()[84]" classname="com.github.cc3002.citricjuice.model.PlayerTest" time="0.001"/>
  <testcase name="attackTest()[85]" classname="com.github.cc3002.citricjuice.model.PlayerTest" time="0.0"/>
  <testcase name="attackTest()[86]" classname="com.github.cc3002.citricjuice.model.PlayerTest" time="0.001"/>
  <testcase name="attackTest()[87]" classname="com.github.cc3002.citricjuice.model.PlayerTest" time="0.0"/>
  <testcase name="attackTest()[88]" classname="com.github.cc3002.citricjuice.model.PlayerTest" time="0.001"/>
  <testcase name="attackTest()[89]" classname="com.github.cc3002.citricjuice.model.PlayerTest" time="0.0"/>
  <testcase name="attackTest()[90]" classname="com.github.cc3002.citricjuice.model.PlayerTest" time="0.001"/>
  <testcase name="attackTest()[91]" classname="com.github.cc3002.citricjuice.model.PlayerTest" time="0.0"/>
  <testcase name="attackTest()[92]" classname="com.github.cc3002.citricjuice.model.PlayerTest" time="0.0"/>
  <testcase name="attackTest()[93]" classname="com.github.cc3002.citricjuice.model.PlayerTest" time="0.001"/>
  <testcase name="attackTest()[94]" classname="com.github.cc3002.citricjuice.model.PlayerTest" time="0.0"/>
  <testcase name="attackTest()[95]" classname="com.github.cc3002.citricjuice.model.PlayerTest" time="0.0"/>
  <testcase name="attackTest()[96]" classname="com.github.cc3002.citricjuice.model.PlayerTest" time="0.0"/>
  <testcase name="attackTest()[97]" classname="com.github.cc3002.citricjuice.model.PlayerTest" time="0.0"/>
  <testcase name="attackTest()[98]" classname="com.github.cc3002.citricjuice.model.PlayerTest" time="0.0"/>
  <testcase name="attackTest()[99]" classname="com.github.cc3002.citricjuice.model.PlayerTest" time="0.0"/>
  <testcase name="attackTest()[100]" classname="com.github.cc3002.citricjuice.model.PlayerTest" time="0.0"/>
  <testcase name="receiveWildCounterAttackTest()[1]" classname="com.github.cc3002.citricjuice.model.PlayerTest" time="0.001"/>
  <testcase name="receiveWildCounterAttackTest()[2]" classname="com.github.cc3002.citricjuice.model.PlayerTest" time="0.0"/>
  <testcase name="receiveWildCounterAttackTest()[3]" classname="com.github.cc3002.citricjuice.model.PlayerTest" time="0.0"/>
  <testcase name="receiveWildCounterAttackTest()[4]" classname="com.github.cc3002.citricjuice.model.PlayerTest" time="0.0"/>
  <testcase name="receiveWildCounterAttackTest()[5]" classname="com.github.cc3002.citricjuice.model.PlayerTest" time="0.0"/>
  <testcase name="receiveWildCounterAttackTest()[6]" classname="com.github.cc3002.citricjuice.model.PlayerTest" time="0.0"/>
  <testcase name="receiveWildCounterAttackTest()[7]" classname="com.github.cc3002.citricjuice.model.PlayerTest" time="0.0"/>
  <testcase name="receiveWildCounterAttackTest()[8]" classname="com.github.cc3002.citricjuice.model.PlayerTest" time="0.0"/>
  <testcase name="receiveWildCounterAttackTest()[9]" classname="com.github.cc3002.citricjuice.model.PlayerTest" time="0.0"/>
  <testcase name="receiveWildCounterAttackTest()[10]" classname="com.github.cc3002.citricjuice.model.PlayerTest" time="0.0"/>
  <testcase name="receiveWildCounterAttackTest()[11]" classname="com.github.cc3002.citricjuice.model.PlayerTest" time="0.0"/>
  <testcase name="receiveWildCounterAttackTest()[12]" classname="com.github.cc3002.citricjuice.model.PlayerTest" time="0.0"/>
  <testcase name="receiveWildCounterAttackTest()[13]" classname="com.github.cc3002.citricjuice.model.PlayerTest" time="0.0"/>
  <testcase name="receiveWildCounterAttackTest()[14]" classname="com.github.cc3002.citricjuice.model.PlayerTest" time="0.0"/>
  <testcase name="receiveWildCounterAttackTest()[15]" classname="com.github.cc3002.citricjuice.model.PlayerTest" time="0.0"/>
  <testcase name="receiveWildCounterAttackTest()[16]" classname="com.github.cc3002.citricjuice.model.PlayerTest" time="0.0"/>
  <testcase name="receiveWildCounterAttackTest()[17]" classname="com.github.cc3002.citricjuice.model.PlayerTest" time="0.0"/>
  <testcase name="receiveWildCounterAttackTest()[18]" classname="com.github.cc3002.citricjuice.model.PlayerTest" time="0.0"/>
  <testcase name="receiveWildCounterAttackTest()[19]" classname="com.github.cc3002.citricjuice.model.PlayerTest" time="0.0"/>
  <testcase name="receiveWildCounterAttackTest()[20]" classname="com.github.cc3002.citricjuice.model.PlayerTest" time="0.0"/>
  <testcase name="receiveWildCounterAttackTest()[21]" classname="com.github.cc3002.citricjuice.model.PlayerTest" time="0.001"/>
  <testcase name="receiveWildCounterAttackTest()[22]" classname="com.github.cc3002.citricjuice.model.PlayerTest" time="0.0"/>
  <testcase name="receiveWildCounterAttackTest()[23]" classname="com.github.cc3002.citricjuice.model.PlayerTest" time="0.0"/>
  <testcase name="receiveWildCounterAttackTest()[24]" classname="com.github.cc3002.citricjuice.model.PlayerTest" time="0.001"/>
  <testcase name="receiveWildCounterAttackTest()[25]" classname="com.github.cc3002.citricjuice.model.PlayerTest" time="0.0"/>
  <testcase name="receiveWildCounterAttackTest()[26]" classname="com.github.cc3002.citricjuice.model.PlayerTest" time="0.001"/>
  <testcase name="receiveWildCounterAttackTest()[27]" classname="com.github.cc3002.citricjuice.model.PlayerTest" time="0.0"/>
  <testcase name="receiveWildCounterAttackTest()[28]" classname="com.github.cc3002.citricjuice.model.PlayerTest" time="0.0"/>
  <testcase name="receiveWildCounterAttackTest()[29]" classname="com.github.cc3002.citricjuice.model.PlayerTest" time="0.0"/>
  <testcase name="receiveWildCounterAttackTest()[30]" classname="com.github.cc3002.citricjuice.model.PlayerTest" time="0.0"/>
  <testcase name="receiveWildCounterAttackTest()[31]" classname="com.github.cc3002.citricjuice.model.PlayerTest" time="0.0"/>
  <testcase name="receiveWildCounterAttackTest()[32]" classname="com.github.cc3002.citricjuice.model.PlayerTest" time="0.014"/>
  <testcase name="receiveWildCounterAttackTest()[33]" classname="com.github.cc3002.citricjuice.model.PlayerTest" time="0.001"/>
  <testcase name="receiveWildCounterAttackTest()[34]" classname="com.github.cc3002.citricjuice.model.PlayerTest" time="0.002"/>
  <testcase name="receiveWildCounterAttackTest()[35]" classname="com.github.cc3002.citricjuice.model.PlayerTest" time="0.0"/>
  <testcase name="receiveWildCounterAttackTest()[36]" classname="com.github.cc3002.citricjuice.model.PlayerTest" time="0.0"/>
  <testcase name="receiveWildCounterAttackTest()[37]" classname="com.github.cc3002.citricjuice.model.PlayerTest" time="0.001"/>
  <testcase name="receiveWildCounterAttackTest()[38]" classname="com.github.cc3002.citricjuice.model.PlayerTest" time="0.0"/>
  <testcase name="receiveWildCounterAttackTest()[39]" classname="com.github.cc3002.citricjuice.model.PlayerTest" time="0.0"/>
  <testcase name="receiveWildCounterAttackTest()[40]" classname="com.github.cc3002.citricjuice.model.PlayerTest" time="0.0"/>
  <testcase name="receiveWildCounterAttackTest()[41]" classname="com.github.cc3002.citricjuice.model.PlayerTest" time="0.0"/>
  <testcase name="receiveWildCounterAttackTest()[42]" classname="com.github.cc3002.citricjuice.model.PlayerTest" time="0.0"/>
  <testcase name="receiveWildCounterAttackTest()[43]" classname="com.github.cc3002.citricjuice.model.PlayerTest" time="0.0"/>
  <testcase name="receiveWildCounterAttackTest()[44]" classname="com.github.cc3002.citricjuice.model.PlayerTest" time="0.003"/>
  <testcase name="receiveWildCounterAttackTest()[45]" classname="com.github.cc3002.citricjuice.model.PlayerTest" time="0.001"/>
  <testcase name="receiveWildCounterAttackTest()[46]" classname="com.github.cc3002.citricjuice.model.PlayerTest" time="0.0"/>
  <testcase name="receiveWildCounterAttackTest()[47]" classname="com.github.cc3002.citricjuice.model.PlayerTest" time="0.0"/>
  <testcase name="receiveWildCounterAttackTest()[48]" classname="com.github.cc3002.citricjuice.model.PlayerTest" time="0.0"/>
  <testcase name="receiveWildCounterAttackTest()[49]" classname="com.github.cc3002.citricjuice.model.PlayerTest" time="0.0"/>
  <testcase name="receiveWildCounterAttackTest()[50]" classname="com.github.cc3002.citricjuice.model.PlayerTest" time="0.0"/>
  <testcase name="receiveWildCounterAttackTest()[51]" classname="com.github.cc3002.citricjuice.model.PlayerTest" time="0.0"/>
  <testcase name="receiveWildCounterAttackTest()[52]" classname="com.github.cc3002.citricjuice.model.PlayerTest" time="0.001"/>
  <testcase name="receiveWildCounterAttackTest()[53]" classname="com.github.cc3002.citricjuice.model.PlayerTest" time="0.001"/>
  <testcase name="receiveWildCounterAttackTest()[54]" classname="com.github.cc3002.citricjuice.model.PlayerTest" time="0.0"/>
  <testcase name="receiveWildCounterAttackTest()[55]" classname="com.github.cc3002.citricjuice.model.PlayerTest" time="0.0"/>
  <testcase name="receiveWildCounterAttackTest()[56]" classname="com.github.cc3002.citricjuice.model.PlayerTest" time="0.0"/>
  <testcase name="receiveWildCounterAttackTest()[57]" classname="com.github.cc3002.citricjuice.model.PlayerTest" time="0.0"/>
  <testcase name="receiveWildCounterAttackTest()[58]" classname="com.github.cc3002.citricjuice.model.PlayerTest" time="0.0"/>
  <testcase name="receiveWildCounterAttackTest()[59]" classname="com.github.cc3002.citricjuice.model.PlayerTest" time="0.0"/>
  <testcase name="receiveWildCounterAttackTest()[60]" classname="com.github.cc3002.citricjuice.model.PlayerTest" time="0.001"/>
  <testcase name="receiveWildCounterAttackTest()[61]" classname="com.github.cc3002.citricjuice.model.PlayerTest" time="0.0"/>
  <testcase name="receiveWildCounterAttackTest()[62]" classname="com.github.cc3002.citricjuice.model.PlayerTest" time="0.0"/>
  <testcase name="receiveWildCounterAttackTest()[63]" classname="com.github.cc3002.citricjuice.model.PlayerTest" time="0.0"/>
  <testcase name="receiveWildCounterAttackTest()[64]" classname="com.github.cc3002.citricjuice.model.PlayerTest" time="0.0"/>
  <testcase name="receiveWildCounterAttackTest()[65]" classname="com.github.cc3002.citricjuice.model.PlayerTest" time="0.0"/>
  <testcase name="receiveWildCounterAttackTest()[66]" classname="com.github.cc3002.citricjuice.model.PlayerTest" time="0.0"/>
  <testcase name="receiveWildCounterAttackTest()[67]" classname="com.github.cc3002.citricjuice.model.PlayerTest" time="0.001"/>
  <testcase name="receiveWildCounterAttackTest()[68]" classname="com.github.cc3002.citricjuice.model.PlayerTest" time="0.0"/>
  <testcase name="receiveWildCounterAttackTest()[69]" classname="com.github.cc3002.citricjuice.model.PlayerTest" time="0.0"/>
  <testcase name="receiveWildCounterAttackTest()[70]" classname="com.github.cc3002.citricjuice.model.PlayerTest" time="0.0"/>
  <testcase name="receiveWildCounterAttackTest()[71]" classname="com.github.cc3002.citricjuice.model.PlayerTest" time="0.0"/>
  <testcase name="receiveWildCounterAttackTest()[72]" classname="com.github.cc3002.citricjuice.model.PlayerTest" time="0.0"/>
  <testcase name="receiveWildCounterAttackTest()[73]" classname="com.github.cc3002.citricjuice.model.PlayerTest" time="0.0"/>
  <testcase name="receiveWildCounterAttackTest()[74]" classname="com.github.cc3002.citricjuice.model.PlayerTest" time="0.0"/>
[...]
  <testcase name="receivePlayerCounterAttackTest()[48]" classname="com.github.cc3002.citricjuice.model.PlayerTest" time="0.0"/>
  <testcase name="receivePlayerCounterAttackTest()[49]" classname="com.github.cc3002.citricjuice.model.PlayerTest" time="0.0"/>
  <testcase name="receivePlayerCounterAttackTest()[50]" classname="com.github.cc3002.citricjuice.model.PlayerTest" time="0.0"/>
  <testcase name="receivePlayerCounterAttackTest()[51]" classname="com.github.cc3002.citricjuice.model.PlayerTest" time="0.0"/>
  <testcase name="receivePlayerCounterAttackTest()[52]" classname="com.github.cc3002.citricjuice.model.PlayerTest" time="0.001"/>
  <testcase name="receivePlayerCounterAttackTest()[53]" classname="com.github.cc3002.citricjuice.model.PlayerTest" time="0.0"/>
  <testcase name="receivePlayerCounterAttackTest()[54]" classname="com.github.cc3002.citricjuice.model.PlayerTest" time="0.002"/>
  <testcase name="receivePlayerCounterAttackTest()[55]" classname="com.github.cc3002.citricjuice.model.PlayerTest" time="0.0"/>
  <testcase name="receivePlayerCounterAttackTest()[56]" classname="com.github.cc3002.citricjuice.model.PlayerTest" time="0.0"/>
  <testcase name="receivePlayerCounterAttackTest()[57]" classname="com.github.cc3002.citricjuice.model.PlayerTest" time="0.001"/>
  <testcase name="receivePlayerCounterAttackTest()[58]" classname="com.github.cc3002.citricjuice.model.PlayerTest" time="0.0"/>
  <testcase name="receivePlayerCounterAttackTest()[59]" classname="com.github.cc3002.citricjuice.model.PlayerTest" time="0.0"/>
  <testcase name="receivePlayerCounterAttackTest()[60]" classname="com.github.cc3002.citricjuice.model.PlayerTest" time="0.0"/>
  <testcase name="receivePlayerCounterAttackTest()[61]" classname="com.github.cc3002.citricjuice.model.PlayerTest" time="0.0"/>
  <testcase name="receivePlayerCounterAttackTest()[62]" classname="com.github.cc3002.citricjuice.model.PlayerTest" time="0.0"/>
  <testcase name="receivePlayerCounterAttackTest()[63]" classname="com.github.cc3002.citricjuice.model.PlayerTest" time="0.0"/>
  <testcase name="receivePlayerCounterAttackTest()[64]" classname="com.github.cc3002.citricjuice.model.PlayerTest" time="0.0"/>
  <testcase name="receivePlayerCounterAttackTest()[65]" classname="com.github.cc3002.citricjuice.model.PlayerTest" time="0.0"/>
  <testcase name="receivePlayerCounterAttackTest()[66]" classname="com.github.cc3002.citricjuice.model.PlayerTest" time="0.0"/>
  <testcase name="receivePlayerCounterAttackTest()[67]" classname="com.github.cc3002.citricjuice.model.PlayerTest" time="0.0"/>
  <testcase name="receivePlayerCounterAttackTest()[68]" classname="com.github.cc3002.citricjuice.model.PlayerTest" time="0.0"/>
  <testcase name="receivePlayerCounterAttackTest()[69]" classname="com.github.cc3002.citricjuice.model.PlayerTest" time="0.001"/>
  <testcase name="receivePlayerCounterAttackTest()[70]" classname="com.github.cc3002.citricjuice.model.PlayerTest" time="0.0"/>
  <testcase name="receivePlayerCounterAttackTest()[71]" classname="com.github.cc3002.citricjuice.model.PlayerTest" time="0.0"/>
  <testcase name="receivePlayerCounterAttackTest()[72]" classname="com.github.cc3002.citricjuice.model.PlayerTest" time="0.0"/>
  <testcase name="receivePlayerCounterAttackTest()[73]" classname="com.github.cc3002.citricjuice.model.PlayerTest" time="0.0"/>
  <testcase name="receivePlayerCounterAttackTest()[74]" classname="com.github.cc3002.citricjuice.model.PlayerTest" time="0.001"/>
  <testcase name="receivePlayerCounterAttackTest()[75]" classname="com.github.cc3002.citricjuice.model.PlayerTest" time="0.0"/>
  <testcase name="receivePlayerCounterAttackTest()[76]" classname="com.github.cc3002.citricjuice.model.PlayerTest" time="0.001"/>
  <testcase name="receivePlayerCounterAttackTest()[77]" classname="com.github.cc3002.citricjuice.model.PlayerTest" time="0.0"/>
  <testcase name="receivePlayerCounterAttackTest()[78]" classname="com.github.cc3002.citricjuice.model.PlayerTest" time="0.0"/>
  <testcase name="receivePlayerCounterAttackTest()[79]" classname="com.github.cc3002.citricjuice.model.PlayerTest" time="0.0"/>
  <testcase name="receivePlayerCounterAttackTest()[80]" classname="com.github.cc3002.citricjuice.model.PlayerTest" time="0.0"/>
  <testcase name="receivePlayerCounterAttackTest()[81]" classname="com.github.cc3002.citricjuice.model.PlayerTest" time="0.0"/>
  <testcase name="receivePlayerCounterAttackTest()[82]" classname="com.github.cc3002.citricjuice.model.PlayerTest" time="0.0"/>
  <testcase name="receivePlayerCounterAttackTest()[83]" classname="com.github.cc3002.citricjuice.model.PlayerTest" time="0.0"/>
  <testcase name="receivePlayerCounterAttackTest()[84]" classname="com.github.cc3002.citricjuice.model.PlayerTest" time="0.001"/>
  <testcase name="receivePlayerCounterAttackTest()[85]" classname="com.github.cc3002.citricjuice.model.PlayerTest" time="0.0"/>
  <testcase name="receivePlayerCounterAttackTest()[86]" classname="com.github.cc3002.citricjuice.model.PlayerTest" time="0.0"/>
  <testcase name="receivePlayerCounterAttackTest()[87]" classname="com.github.cc3002.citricjuice.model.PlayerTest" time="0.0"/>
  <testcase name="receivePlayerCounterAttackTest()[88]" classname="com.github.cc3002.citricjuice.model.PlayerTest" time="0.0"/>
  <testcase name="receivePlayerCounterAttackTest()[89]" classname="com.github.cc3002.citricjuice.model.PlayerTest" time="0.001"/>
  <testcase name="receivePlayerCounterAttackTest()[90]" classname="com.github.cc3002.citricjuice.model.PlayerTest" time="0.0"/>
  <testcase name="receivePlayerCounterAttackTest()[91]" classname="com.github.cc3002.citricjuice.model.PlayerTest" time="0.0"/>
  <testcase name="receivePlayerCounterAttackTest()[92]" classname="com.github.cc3002.citricjuice.model.PlayerTest" time="0.0"/>
  <testcase name="receivePlayerCounterAttackTest()[93]" classname="com.github.cc3002.citricjuice.model.PlayerTest" time="0.0"/>
  <testcase name="receivePlayerCounterAttackTest()[94]" classname="com.github.cc3002.citricjuice.model.PlayerTest" time="0.0"/>
  <testcase name="receivePlayerCounterAttackTest()[95]" classname="com.github.cc3002.citricjuice.model.PlayerTest" time="0.0"/>
  <testcase name="receivePlayerCounterAttackTest()[96]" classname="com.github.cc3002.citricjuice.model.PlayerTest" time="0.0"/>
  <testcase name="receivePlayerCounterAttackTest()[97]" classname="com.github.cc3002.citricjuice.model.PlayerTest" time="0.0"/>
  <testcase name="receivePlayerCounterAttackTest()[98]" classname="com.github.cc3002.citricjuice.model.PlayerTest" time="0.0"/>
  <testcase name="receivePlayerCounterAttackTest()[99]" classname="com.github.cc3002.citricjuice.model.PlayerTest" time="0.0"/>
  <testcase name="receivePlayerCounterAttackTest()[100]" classname="com.github.cc3002.citricjuice.model.PlayerTest" time="0.0"/>
  <testcase name="copyTest()" classname="com.github.cc3002.citricjuice.model.PlayerTest" time="0.0"/>
  <testcase name="equalsTest()" classname="com.github.cc3002.citricjuice.model.PlayerTest" time="0.001"/>
  <testcase name="receiveBossCounterAttackTest()[1]" classname="com.github.cc3002.citricjuice.model.PlayerTest" time="0.0"/>
  <testcase name="receiveBossCounterAttackTest()[2]" classname="com.github.cc3002.citricjuice.model.PlayerTest" time="0.0"/>
  <testcase name="receiveBossCounterAttackTest()[3]" classname="com.github.cc3002.citricjuice.model.PlayerTest" time="0.0"/>
  <testcase name="receiveBossCounterAttackTest()[4]" classname="com.github.cc3002.citricjuice.model.PlayerTest" time="0.0"/>
  <testcase name="receiveBossCounterAttackTest()[5]" classname="com.github.cc3002.citricjuice.model.PlayerTest" time="0.0"/>
  <testcase name="receiveBossCounterAttackTest()[6]" classname="com.github.cc3002.citricjuice.model.PlayerTest" time="0.0"/>
  <testcase name="receiveBossCounterAttackTest()[7]" classname="com.github.cc3002.citricjuice.model.PlayerTest" time="0.001"/>
  <testcase name="receiveBossCounterAttackTest()[8]" classname="com.github.cc3002.citricjuice.model.PlayerTest" time="0.0"/>
  <testcase name="receiveBossCounterAttackTest()[9]" classname="com.github.cc3002.citricjuice.model.PlayerTest" time="0.0"/>
  <testcase name="receiveBossCounterAttackTest()[10]" classname="com.github.cc3002.citricjuice.model.PlayerTest" time="0.0"/>
  <testcase name="receiveBossCounterAttackTest()[11]" classname="com.github.cc3002.citricjuice.model.PlayerTest" time="0.0"/>
  <testcase name="receiveBossCounterAttackTest()[12]" classname="com.github.cc3002.citricjuice.model.PlayerTest" time="0.0"/>
  <testcase name="receiveBossCounterAttackTest()[13]" classname="com.github.cc3002.citricjuice.model.PlayerTest" time="0.0"/>
  <testcase name="receiveBossCounterAttackTest()[14]" classname="com.github.cc3002.citricjuice.model.PlayerTest" time="0.0"/>
  <testcase name="receiveBossCounterAttackTest()[15]" classname="com.github.cc3002.citricjuice.model.PlayerTest" time="0.0"/>
  <testcase name="receiveBossCounterAttackTest()[16]" classname="com.github.cc3002.citricjuice.model.PlayerTest" time="0.001"/>
  <testcase name="receiveBossCounterAttackTest()[17]" classname="com.github.cc3002.citricjuice.model.PlayerTest" time="0.0"/>
  <testcase name="receiveBossCounterAttackTest()[18]" classname="com.github.cc3002.citricjuice.model.PlayerTest" time="0.0"/>
  <testcase name="receiveBossCounterAttackTest()[19]" classname="com.github.cc3002.citricjuice.model.PlayerTest" time="0.0"/>
  <testcase name="receiveBossCounterAttackTest()[20]" classname="com.github.cc3002.citricjuice.model.PlayerTest" time="0.0"/>
  <testcase name="receiveBossCounterAttackTest()[21]" classname="com.github.cc3002.citricjuice.model.PlayerTest" time="0.001"/>
  <testcase name="receiveBossCounterAttackTest()[22]" classname="com.github.cc3002.citricjuice.model.PlayerTest" time="0.0"/>
  <testcase name="receiveBossCounterAttackTest()[23]" classname="com.github.cc3002.citricjuice.model.PlayerTest" time="0.001"/>
  <testcase name="receiveBossCounterAttackTest()[24]" classname="com.github.cc3002.citricjuice.model.PlayerTest" time="0.001"/>
  <testcase name="receiveBossCounterAttackTest()[25]" classname="com.github.cc3002.citricjuice.model.PlayerTest" time="0.0"/>
  <testcase name="receiveBossCounterAttackTest()[26]" classname="com.github.cc3002.citricjuice.model.PlayerTest" time="0.001"/>
  <testcase name="receiveBossCounterAttackTest()[27]" classname="com.github.cc3002.citricjuice.model.PlayerTest" time="0.0"/>
  <testcase name="receiveBossCounterAttackTest()[28]" classname="com.github.cc3002.citricjuice.model.PlayerTest" time="0.0"/>
  <testcase name="receiveBossCounterAttackTest()[29]" classname="com.github.cc3002.citricjuice.model.PlayerTest" time="0.0"/>
  <testcase name="receiveBossCounterAttackTest()[30]" classname="com.github.cc3002.citricjuice.model.PlayerTest" time="0.0"/>
  <testcase name="receiveBossCounterAttackTest()[31]" classname="com.github.cc3002.citricjuice.model.PlayerTest" time="0.0"/>
  <testcase name="receiveBossCounterAttackTest()[32]" classname="com.github.cc3002.citricjuice.model.PlayerTest" time="0.001"/>
  <testcase name="receiveBossCounterAttackTest()[33]" classname="com.github.cc3002.citricjuice.model.PlayerTest" time="0.0"/>
  <testcase name="receiveBossCounterAttackTest()[34]" classname="com.github.cc3002.citricjuice.model.PlayerTest" time="0.0"/>
  <testcase name="receiveBossCounterAttackTest()[35]" classname="com.github.cc3002.citricjuice.model.PlayerTest" time="0.0"/>
  <testcase name="receiveBossCounterAttackTest()[36]" classname="com.github.cc3002.citricjuice.model.PlayerTest" time="0.0"/>
  <testcase name="receiveBossCounterAttackTest()[37]" classname="com.github.cc3002.citricjuice.model.PlayerTest" time="0.0"/>
  <testcase name="receiveBossCounterAttackTest()[38]" classname="com.github.cc3002.citricjuice.model.PlayerTest" time="0.001"/>
  <testcase name="receiveBossCounterAttackTest()[39]" classname="com.github.cc3002.citricjuice.model.PlayerTest" time="0.0"/>
  <testcase name="receiveBossCounterAttackTest()[40]" classname="com.github.cc3002.citricjuice.model.PlayerTest" time="0.001"/>
  <testcase name="receiveBossCounterAttackTest()[41]" classname="com.github.cc3002.citricjuice.model.PlayerTest" time="0.001"/>
  <testcase name="receiveBossCounterAttackTest()[42]" classname="com.github.cc3002.citricjuice.model.PlayerTest" time="0.0"/>
  <testcase name="receiveBossCounterAttackTest()[43]" classname="com.github.cc3002.citricjuice.model.PlayerTest" time="0.001"/>
  <testcase name="receiveBossCounterAttackTest()[44]" classname="com.github.cc3002.citricjuice.model.PlayerTest" time="0.0"/>
  <testcase name="receiveBossCounterAttackTest()[45]" classname="com.github.cc3002.citricjuice.model.PlayerTest" time="0.0"/>
  <testcase name="receiveBossCounterAttackTest()[46]" classname="com.github.cc3002.citricjuice.model.PlayerTest" time="0.0"/>
  <testcase name="receiveBossCounterAttackTest()[47]" classname="com.github.cc3002.citricjuice.model.PlayerTest" time="0.009"/>
  <testcase name="receiveBossCounterAttackTest()[48]" classname="com.github.cc3002.citricjuice.model.PlayerTest" time="0.001"/>
  <testcase name="receiveBossCounterAttackTest()[49]" classname="com.github.cc3002.citricjuice.model.PlayerTest" time="0.0"/>
  <testcase name="receiveBossCounterAttackTest()[50]" classname="com.github.cc3002.citricjuice.model.PlayerTest" time="0.0"/>
  <testcase name="receiveBossCounterAttackTest()[51]" classname="com.github.cc3002.citricjuice.model.PlayerTest" time="0.0"/>
  <testcase name="receiveBossCounterAttackTest()[52]" classname="com.github.cc3002.citricjuice.model.PlayerTest" time="0.0"/>
  <testcase name="receiveBossCounterAttackTest()[53]" classname="com.github.cc3002.citricjuice.model.PlayerTest" time="0.0"/>
  <testcase name="receiveBossCounterAttackTest()[54]" classname="com.github.cc3002.citricjuice.model.PlayerTest" time="0.0"/>
  <testcase name="receiveBossCounterAttackTest()[55]" classname="com.github.cc3002.citricjuice.model.PlayerTest" time="0.0"/>
  <testcase name="receiveBossCounterAttackTest()[56]" classname="com.github.cc3002.citricjuice.model.PlayerTest" time="0.0"/>
  <testcase name="receiveBossCounterAttackTest()[57]" classname="com.github.cc3002.citricjuice.model.PlayerTest" time="0.001"/>
  <testcase name="receiveBossCounterAttackTest()[58]" classname="com.github.cc3002.citricjuice.model.PlayerTest" time="0.0"/>
  <testcase name="receiveBossCounterAttackTest()[59]" classname="com.github.cc3002.citricjuice.model.PlayerTest" time="0.0"/>
  <testcase name="receiveBossCounterAttackTest()[60]" classname="com.github.cc3002.citricjuice.model.PlayerTest" time="0.0"/>
  <testcase name="receiveBossCounterAttackTest()[61]" classname="com.github.cc3002.citricjuice.model.PlayerTest" time="0.0"/>
  <testcase name="receiveBossCounterAttackTest()[62]" classname="com.github.cc3002.citricjuice.model.PlayerTest" time="0.0"/>
  <testcase name="receiveBossCounterAttackTest()[63]" classname="com.github.cc3002.citricjuice.model.PlayerTest" time="0.0"/>
  <testcase name="receiveBossCounterAttackTest()[64]" classname="com.github.cc3002.citricjuice.model.PlayerTest" time="0.0"/>
  <testcase name="receiveBossCounterAttackTest()[65]" classname="com.github.cc3002.citricjuice.model.PlayerTest" time="0.0"/>
  <testcase name="receiveBossCounterAttackTest()[66]" classname="com.github.cc3002.citricjuice.model.PlayerTest" time="0.0"/>
  <testcase name="receiveBossCounterAttackTest()[67]" classname="com.github.cc3002.citricjuice.model.PlayerTest" time="0.0"/>
  <testcase name="receiveBossCounterAttackTest()[68]" classname="com.github.cc3002.citricjuice.model.PlayerTest" time="0.0"/>
  <testcase name="receiveBossCounterAttackTest()[69]" classname="com.github.cc3002.citricjuice.model.PlayerTest" time="0.0"/>
  <testcase name="receiveBossCounterAttackTest()[70]" classname="com.github.cc3002.citricjuice.model.PlayerTest" time="0.0"/>
  <testcase name="receiveBossCounterAttackTest()[71]" classname="com.github.cc3002.citricjuice.model.PlayerTest" time="0.001"/>
  <testcase name="receiveBossCounterAttackTest()[72]" classname="com.github.cc3002.citricjuice.model.PlayerTest" time="0.0"/>
  <testcase name="receiveBossCounterAttackTest()[73]" classname="com.github.cc3002.citricjuice.model.PlayerTest" time="0.0"/>
  <testcase name="receiveBossCounterAttackTest()[74]" classname="com.github.cc3002.citricjuice.model.PlayerTest" time="0.0"/>
  <testcase name="receiveBossCounterAttackTest()[75]" classname="com.github.cc3002.citricjuice.model.PlayerTest" time="0.0"/>
  <testcase name="receiveBossCounterAttackTest()[76]" classname="com.github.cc3002.citricjuice.model.PlayerTest" time="0.0"/>
  <testcase name="receiveBossCounterAttackTest()[77]" classname="com.github.cc3002.citricjuice.model.PlayerTest" time="0.0"/>
  <testcase name="receiveBossCounterAttackTest()[78]" classname="com.github.cc3002.citricjuice.model.PlayerTest" time="0.0"/>
  <testcase name="receiveBossCounterAttackTest()[79]" classname="com.github.cc3002.citricjuice.model.PlayerTest" time="0.0"/>
  <testcase name="receiveBossCounterAttackTest()[80]" classname="com.github.cc3002.citricjuice.model.PlayerTest" time="0.0"/>
  <testcase name="receiveBossCounterAttackTest()[81]" classname="com.github.cc3002.citricjuice.model.PlayerTest" time="0.0"/>
  <testcase name="receiveBossCounterAttackTest()[82]" classname="com.github.cc3002.citricjuice.model.PlayerTest" time="0.0"/>
  <testcase name="receiveBossCounterAttackTest()[83]" classname="com.github.cc3002.citricjuice.model.PlayerTest" time="0.0"/>
  <testcase name="receiveBossCounterAttackTest()[84]" classname="com.github.cc3002.citricjuice.model.PlayerTest" time="0.0"/>
  <testcase name="receiveBossCounterAttackTest()[85]" classname="com.github.cc3002.citricjuice.model.PlayerTest" time="0.0"/>
  <testcase name="receiveBossCounterAttackTest()[86]" classname="com.github.cc3002.citricjuice.model.PlayerTest" time="0.0"/>
  <testcase name="receiveBossCounterAttackTest()[87]" classname="com.github.cc3002.citricjuice.model.PlayerTest" time="0.0"/>
  <testcase name="receiveBossCounterAttackTest()[88]" classname="com.github.cc3002.citricjuice.model.PlayerTest" time="0.0"/>
  <testcase name="receiveBossCounterAttackTest()[89]" classname="com.github.cc3002.citricjuice.model.PlayerTest" time="0.0"/>
  <testcase name="receiveBossCounterAttackTest()[90]" classname="com.github.cc3002.citricjuice.model.PlayerTest" time="0.0"/>
  <testcase name="receiveBossCounterAttackTest()[91]" classname="com.github.cc3002.citricjuice.model.PlayerTest" time="0.0"/>
  <testcase name="receiveBossCounterAttackTest()[92]" classname="com.github.cc3002.citricjuice.model.PlayerTest" time="0.0"/>
  <testcase name="receiveBossCounterAttackTest()[93]" classname="com.github.cc3002.citricjuice.model.PlayerTest" time="0.0"/>
  <testcase name="receiveBossCounterAttackTest()[94]" classname="com.github.cc3002.citricjuice.model.PlayerTest" time="0.0"/>
  <testcase name="receiveBossCounterAttackTest()[95]" classname="com.github.cc3002.citricjuice.model.PlayerTest" time="0.0"/>
  <testcase name="receiveBossCounterAttackTest()[96]" classname="com.github.cc3002.citricjuice.model.PlayerTest" time="0.0"/>
  <testcase name="receiveBossCounterAttackTest()[97]" classname="com.github.cc3002.citricjuice.model.PlayerTest" time="0.0"/>
  <testcase name="receiveBossCounterAttackTest()[98]" classname="com.github.cc3002.citricjuice.model.PlayerTest" time="0.0"/>
  <testcase name="receiveBossCounterAttackTest()[99]" classname="com.github.cc3002.citricjuice.model.PlayerTest" time="0.0"/>
  <testcase name="receiveBossCounterAttackTest()[100]" classname="com.github.cc3002.citricjuice.model.PlayerTest" time="0.0"/>
  <testcase name="hitPointsTest()" classname="com.github.cc3002.citricjuice.model.PlayerTest" time="0.0"/>
  <testcase name="setTest()" classname="com.github.cc3002.citricjuice.model.PlayerTest" time="0.0"/>
  <system-out><![CDATA[]]></system-out>
  <system-err><![CDATA[]]></system-err>
</testsuite>
